#! /c/Source/iverilog-install/bin/vvp
:ivl_version "12.0 (devel)" "(s20150603-1539-g2693dd32b)";
:ivl_delay_selection "TYPICAL";
:vpi_time_precision - 12;
:vpi_module "D:\iverilog\lib\ivl\system.vpi";
:vpi_module "D:\iverilog\lib\ivl\vhdl_sys.vpi";
:vpi_module "D:\iverilog\lib\ivl\vhdl_textio.vpi";
:vpi_module "D:\iverilog\lib\ivl\v2005_math.vpi";
:vpi_module "D:\iverilog\lib\ivl\va_math.vpi";
S_000001aae1951d80 .scope module, "tb_aligner" "tb_aligner" 2 7;
 .timescale -9 -12;
P_000001aae194d580 .param/l "EXP_W" 1 2 13, +C4<00000000000000000000000000000101>;
P_000001aae194d5b8 .param/l "FP_W" 1 2 15, +C4<00000000000000000000000000010000>;
P_000001aae194d5f0 .param/l "MAN_TC_W" 1 2 16, +C4<000000000000000000000000000001100>;
P_000001aae194d628 .param/l "MAN_W" 1 2 14, +C4<00000000000000000000000000001010>;
P_000001aae194d660 .param/l "NUM_CH" 1 2 12, +C4<00000000000000000000000000000100>;
v000001aae1d012e0_0 .net "bs_done", 0 0, L_000001aae194fa60;  1 drivers
v000001aae1d01ec0_0 .net "bs_out", 3 0, L_000001aae1d4be20;  1 drivers
v000001aae1d01380_0 .net "bs_valid", 0 0, L_000001aae194f3d0;  1 drivers
v000001aae1d01740_0 .var "clk", 0 0;
v000001aae1d016a0_0 .var "emax_r", 4 0;
v000001aae1d00340_0 .var "emin_r", 4 0;
v000001aae1d00700_0 .var/i "err_total", 31 0;
v000001aae1d007a0_0 .var "fp_vec_r", 63 0;
v000001aae1d01c40_0 .var "load", 0 0;
v000001aae1d00840_0 .var "r_act", 0 0;
v000001aae1d02000_0 .var "r_emax", 4 0;
v000001aae1d01100_0 .var "r_emin", 4 0;
v000001aae1d00160_0 .var/i "r_errs", 31 0;
v000001aae1d01060_0 .var "r_exp", 0 0;
v000001aae1d008e0_0 .var "r_fp", 15 0;
v000001aae1d011a0_0 .var/i "r_tot", 31 0;
v000001aae1d017e0_0 .var "r_vec", 63 0;
v000001aae1d00de0_0 .var/i "rc", 31 0;
v000001aae1d00a20_0 .var/i "rch", 31 0;
v000001aae1d00ac0_0 .var/i "rng_seed", 31 0;
v000001aae1d00b60_0 .var "rst_n", 0 0;
v000001aae1d01e20_0 .var/i "rst_ok", 31 0;
v000001aae1d00c00_0 .var/i "rv", 31 0;
v000001aae1d00ca0 .array "san_exp", 16 1, 0 0;
v000001aae1d019c0_0 .var "san_fp", 15 0;
v000001aae1d00d40_0 .var/i "san_i", 31 0;
v000001aae1d014c0_0 .var/i "san_ok", 31 0;
v000001aae1d01880_0 .var "san_tc", 11 0;
v000001aae1d00e80_0 .var "tc_name", 255 0;
v000001aae1d01420_0 .var "tk_act_b", 0 0;
v000001aae1d00f20_0 .var/i "tk_c", 31 0;
v000001aae1d01560_0 .var/i "tk_ch", 31 0;
v000001aae1d01920_0 .var/i "tk_cyc", 31 0;
v000001aae1d01b00_0 .var/i "tk_err", 31 0;
v000001aae1d01ce0_0 .var "tk_exp_b", 0 0;
v000001aae1d01d80_0 .net "total_cyc_out", 8 0, L_000001aae194f590;  1 drivers
S_000001aae1960d70 .scope module, "dut" "aligner" 2 40, 3 69 0, S_000001aae1951d80;
 .timescale -9 -12;
    .port_info 0 /INPUT 1 "clk";
    .port_info 1 /INPUT 1 "rst_n";
    .port_info 2 /INPUT 1 "load";
    .port_info 3 /INPUT 5 "emax";
    .port_info 4 /INPUT 5 "emin";
    .port_info 5 /INPUT 64 "fp_vec_in";
    .port_info 6 /OUTPUT 4 "bs_out";
    .port_info 7 /OUTPUT 1 "bs_valid";
    .port_info 8 /OUTPUT 1 "bs_done";
    .port_info 9 /OUTPUT 9 "total_cyc_out";
P_000001aae194d6a0 .param/l "CNT_W" 1 3 103, +C4<000000000000000000000000000001001>;
P_000001aae194d6d8 .param/l "EXP_W" 0 3 71, +C4<00000000000000000000000000000101>;
P_000001aae194d710 .param/l "FP_W" 0 3 73, +C4<00000000000000000000000000010000>;
P_000001aae194d748 .param/l "MAN_W" 0 3 72, +C4<00000000000000000000000000001010>;
P_000001aae194d780 .param/l "NUM_CH" 0 3 70, +C4<00000000000000000000000000000100>;
L_000001aae194f3d0 .functor BUFZ 1, v000001aae1cffaf0_0, C4<0>, C4<0>, C4<0>;
L_000001aae194fa60 .functor AND 1, v000001aae1cffaf0_0, L_000001aae1d4b1a0, C4<1>, C4<1>;
L_000001aae194f590 .functor BUFZ 9, L_000001aae1d4a980, C4<000000000>, C4<000000000>, C4<000000000>;
L_000001aae1d02c68 .functor BUFT 1, C4<0000>, C4<0>, C4<0>, C4<0>;
v000001aae1cff910_0 .net/2u *"_ivl_13", 3 0, L_000001aae1d02c68;  1 drivers
v000001aae1cff870_0 .net *"_ivl_15", 4 0, L_000001aae1d4afc0;  1 drivers
v000001aae1cfea10_0 .net *"_ivl_17", 8 0, L_000001aae1d4a8e0;  1 drivers
v000001aae1cfef10_0 .net *"_ivl_19", 31 0, L_000001aae1d4b100;  1 drivers
L_000001aae1d02cb0 .functor BUFT 1, C4<00000000000000000000000>, C4<0>, C4<0>, C4<0>;
v000001aae1cfe790_0 .net *"_ivl_22", 22 0, L_000001aae1d02cb0;  1 drivers
L_000001aae1d02cf8 .functor BUFT 1, C4<00000000000000000000000000001100>, C4<0>, C4<0>, C4<0>;
v000001aae1cfe470_0 .net/2u *"_ivl_23", 31 0, L_000001aae1d02cf8;  1 drivers
v000001aae1cfe5b0_0 .net *"_ivl_25", 31 0, L_000001aae1d4bf60;  1 drivers
v000001aae1cfe650_0 .net *"_ivl_31", 31 0, L_000001aae1d4c140;  1 drivers
L_000001aae1d02d40 .functor BUFT 1, C4<00000000000000000000000>, C4<0>, C4<0>, C4<0>;
v000001aae1cff2d0_0 .net *"_ivl_34", 22 0, L_000001aae1d02d40;  1 drivers
v000001aae1cfeab0_0 .net *"_ivl_35", 31 0, L_000001aae1d4c1e0;  1 drivers
L_000001aae1d02d88 .functor BUFT 1, C4<00000000000000000000000>, C4<0>, C4<0>, C4<0>;
v000001aae1cff410_0 .net *"_ivl_38", 22 0, L_000001aae1d02d88;  1 drivers
L_000001aae1d02dd0 .functor BUFT 1, C4<00000000000000000000000000000001>, C4<0>, C4<0>, C4<0>;
v000001aae1cff7d0_0 .net/2u *"_ivl_39", 31 0, L_000001aae1d02dd0;  1 drivers
v000001aae1cfed30_0 .net *"_ivl_41", 31 0, L_000001aae1d4c280;  1 drivers
v000001aae1cfe6f0_0 .net *"_ivl_43", 0 0, L_000001aae1d4b1a0;  1 drivers
v000001aae1cff9b0_0 .net "bs_done", 0 0, L_000001aae194fa60;  alias, 1 drivers
v000001aae1cfedd0_0 .net "bs_out", 3 0, L_000001aae1d4be20;  alias, 1 drivers
v000001aae1cff4b0_0 .net "bs_valid", 0 0, L_000001aae194f3d0;  alias, 1 drivers
v000001aae1cffff0_0 .net "clk", 0 0, v000001aae1d01740_0;  1 drivers
v000001aae1cfefb0_0 .var "cyc_cnt", 8 0;
v000001aae1cff050_0 .net "emax", 4 0, v000001aae1d016a0_0;  1 drivers
v000001aae1cff550_0 .net "emin", 4 0, v000001aae1d00340_0;  1 drivers
v000001aae1cfe290_0 .net "fp_vec_in", 63 0, v000001aae1d007a0_0;  1 drivers
v000001aae1cff0f0_0 .net "load", 0 0, v000001aae1d01c40_0;  1 drivers
v000001aae1cfe1f0_0 .net "rst_n", 0 0, v000001aae1d00b60_0;  1 drivers
v000001aae1cffaf0_0 .var "running", 0 0;
v000001aae1cff190_0 .net "total_cyc", 8 0, L_000001aae1d4a980;  1 drivers
v000001aae1cfe830_0 .net "total_cyc_out", 8 0, L_000001aae194f590;  alias, 1 drivers
L_000001aae1d4bc40 .part v000001aae1d007a0_0, 0, 16;
L_000001aae1d4c640 .part v000001aae1d007a0_0, 16, 16;
L_000001aae1d4b2e0 .part v000001aae1d007a0_0, 32, 16;
L_000001aae1d4bce0 .part v000001aae1d007a0_0, 48, 16;
L_000001aae1d4be20 .concat8 [ 1 1 1 1], v000001aae1944f50_0, v000001aae192f330_0, v000001aae1cfca00_0, v000001aae1cff230_0;
L_000001aae1d4afc0 .arith/sub 5, v000001aae1d016a0_0, v000001aae1d00340_0;
L_000001aae1d4a8e0 .concat [ 5 4 0 0], L_000001aae1d4afc0, L_000001aae1d02c68;
L_000001aae1d4b100 .concat [ 9 23 0 0], L_000001aae1d4a8e0, L_000001aae1d02cb0;
L_000001aae1d4bf60 .arith/sum 32, L_000001aae1d4b100, L_000001aae1d02cf8;
L_000001aae1d4a980 .part L_000001aae1d4bf60, 0, 9;
L_000001aae1d4c140 .concat [ 9 23 0 0], v000001aae1cfefb0_0, L_000001aae1d02d40;
L_000001aae1d4c1e0 .concat [ 9 23 0 0], L_000001aae1d4a980, L_000001aae1d02d88;
L_000001aae1d4c280 .arith/sub 32, L_000001aae1d4c1e0, L_000001aae1d02dd0;
L_000001aae1d4b1a0 .cmp/eq 32, L_000001aae1d4c140, L_000001aae1d4c280;
S_000001aae195de20 .scope generate, "gen_channels[0]" "gen_channels[0]" 3 139, 3 139 0, S_000001aae1960d70;
 .timescale -9 -12;
P_000001aae1939240 .param/l "ch" 0 3 139, +C4<00>;
S_000001aae19585e0 .scope module, "u_ch" "aligner_channel" 3 144, 4 21 0, S_000001aae195de20;
 .timescale -9 -12;
    .port_info 0 /INPUT 1 "clk";
    .port_info 1 /INPUT 1 "rst_n";
    .port_info 2 /INPUT 1 "load";
    .port_info 3 /INPUT 5 "emax";
    .port_info 4 /INPUT 5 "emin";
    .port_info 5 /INPUT 16 "fp_in";
    .port_info 6 /OUTPUT 1 "bit_out";
P_000001aae1965c80 .param/l "EXP_W" 0 4 22, +C4<00000000000000000000000000000101>;
P_000001aae1965cb8 .param/l "FP_W" 0 4 24, +C4<00000000000000000000000000010000>;
P_000001aae1965cf0 .param/l "MAN_TC_W" 1 4 56, +C4<000000000000000000000000000001100>;
P_000001aae1965d28 .param/l "MAN_W" 0 4 23, +C4<00000000000000000000000000001010>;
P_000001aae1965d60 .param/l "S_ALIGN" 1 4 68, C4<01>;
P_000001aae1965d98 .param/l "S_IDLE" 1 4 67, C4<00>;
P_000001aae1965dd0 .param/l "S_MANT" 1 4 69, C4<10>;
P_000001aae1965e08 .param/l "S_ZERO" 1 4 70, C4<11>;
L_000001aae194f440 .functor NOT 11, L_000001aae1d4b240, C4<00000000000>, C4<00000000000>, C4<00000000000>;
L_000001aae1d02830 .functor BUFT 1, C4<1>, C4<0>, C4<0>, C4<0>;
v000001aae1946990_0 .net/2u *"_ivl_10", 0 0, L_000001aae1d02830;  1 drivers
v000001aae1945950_0 .net *"_ivl_12", 10 0, L_000001aae194f440;  1 drivers
L_000001aae1d02878 .functor BUFT 1, C4<00000000001>, C4<0>, C4<0>, C4<0>;
v000001aae1945810_0 .net/2u *"_ivl_14", 10 0, L_000001aae1d02878;  1 drivers
v000001aae1946b70_0 .net *"_ivl_16", 10 0, L_000001aae1d4b4c0;  1 drivers
v000001aae1946030_0 .net *"_ivl_18", 11 0, L_000001aae1d4b6a0;  1 drivers
L_000001aae1d028c0 .functor BUFT 1, C4<0>, C4<0>, C4<0>, C4<0>;
v000001aae19456d0_0 .net/2u *"_ivl_20", 0 0, L_000001aae1d028c0;  1 drivers
v000001aae1944e10_0 .net *"_ivl_22", 11 0, L_000001aae1d4bba0;  1 drivers
L_000001aae1d027e8 .functor BUFT 1, C4<1>, C4<0>, C4<0>, C4<0>;
v000001aae19458b0_0 .net/2u *"_ivl_6", 0 0, L_000001aae1d027e8;  1 drivers
v000001aae1944f50_0 .var "bit_out", 0 0;
v000001aae19462b0_0 .net "clk", 0 0, v000001aae1d01740_0;  alias, 1 drivers
v000001aae1946710_0 .net "emax", 4 0, v000001aae1d016a0_0;  alias, 1 drivers
v000001aae1944eb0_0 .net "emin", 4 0, v000001aae1d00340_0;  alias, 1 drivers
v000001aae19463f0_0 .var "exp_cur", 4 0;
v000001aae19453b0_0 .net "fp_exp", 4 0, L_000001aae1d00200;  1 drivers
v000001aae1946a30_0 .net "fp_in", 15 0, L_000001aae1d4bc40;  1 drivers
v000001aae1944ff0_0 .net "fp_man", 9 0, L_000001aae1d002a0;  1 drivers
v000001aae1945e50_0 .net "fp_sign", 0 0, L_000001aae1d01f60;  1 drivers
v000001aae1945ef0_0 .net "load", 0 0, v000001aae1d01c40_0;  alias, 1 drivers
v000001aae19460d0_0 .net "magnitude", 10 0, L_000001aae1d4b240;  1 drivers
v000001aae1945310_0 .var "man_shift", 11 0;
v000001aae1946210_0 .net "man_tc", 11 0, L_000001aae1d4ac00;  1 drivers
v000001aae1945bd0_0 .var "mant_cnt", 3 0;
v000001aae1945d10_0 .net "rst_n", 0 0, v000001aae1d00b60_0;  alias, 1 drivers
v000001aae1945090_0 .var "sign_bit", 0 0;
v000001aae1946490_0 .var "state", 1 0;
v000001aae19454f0_0 .var "zero_rem", 4 0;
E_000001aae19395c0/0 .event negedge, v000001aae1945d10_0;
E_000001aae19395c0/1 .event posedge, v000001aae19462b0_0;
E_000001aae19395c0 .event/or E_000001aae19395c0/0, E_000001aae19395c0/1;
L_000001aae1d01f60 .part L_000001aae1d4bc40, 15, 1;
L_000001aae1d00200 .part L_000001aae1d4bc40, 10, 5;
L_000001aae1d002a0 .part L_000001aae1d4bc40, 0, 10;
L_000001aae1d4b240 .concat [ 10 1 0 0], L_000001aae1d002a0, L_000001aae1d027e8;
L_000001aae1d4b4c0 .arith/sum 11, L_000001aae194f440, L_000001aae1d02878;
L_000001aae1d4b6a0 .concat [ 11 1 0 0], L_000001aae1d4b4c0, L_000001aae1d02830;
L_000001aae1d4bba0 .concat [ 11 1 0 0], L_000001aae1d4b240, L_000001aae1d028c0;
L_000001aae1d4ac00 .functor MUXZ 12, L_000001aae1d4bba0, L_000001aae1d4b6a0, L_000001aae1d01f60, C4<>;
S_000001aae1965e50 .scope generate, "gen_channels[1]" "gen_channels[1]" 3 139, 3 139 0, S_000001aae1960d70;
 .timescale -9 -12;
P_000001aae1939cc0 .param/l "ch" 0 3 139, +C4<01>;
S_000001aae18cd3f0 .scope module, "u_ch" "aligner_channel" 3 144, 4 21 0, S_000001aae1965e50;
 .timescale -9 -12;
    .port_info 0 /INPUT 1 "clk";
    .port_info 1 /INPUT 1 "rst_n";
    .port_info 2 /INPUT 1 "load";
    .port_info 3 /INPUT 5 "emax";
    .port_info 4 /INPUT 5 "emin";
    .port_info 5 /INPUT 16 "fp_in";
    .port_info 6 /OUTPUT 1 "bit_out";
P_000001aae18cd580 .param/l "EXP_W" 0 4 22, +C4<00000000000000000000000000000101>;
P_000001aae18cd5b8 .param/l "FP_W" 0 4 24, +C4<00000000000000000000000000010000>;
P_000001aae18cd5f0 .param/l "MAN_TC_W" 1 4 56, +C4<000000000000000000000000000001100>;
P_000001aae18cd628 .param/l "MAN_W" 0 4 23, +C4<00000000000000000000000000001010>;
P_000001aae18cd660 .param/l "S_ALIGN" 1 4 68, C4<01>;
P_000001aae18cd698 .param/l "S_IDLE" 1 4 67, C4<00>;
P_000001aae18cd6d0 .param/l "S_MANT" 1 4 69, C4<10>;
P_000001aae18cd708 .param/l "S_ZERO" 1 4 70, C4<11>;
L_000001aae194f210 .functor NOT 11, L_000001aae1d4af20, C4<00000000000>, C4<00000000000>, C4<00000000000>;
L_000001aae1d02950 .functor BUFT 1, C4<1>, C4<0>, C4<0>, C4<0>;
v000001aae1946530_0 .net/2u *"_ivl_10", 0 0, L_000001aae1d02950;  1 drivers
v000001aae1945a90_0 .net *"_ivl_12", 10 0, L_000001aae194f210;  1 drivers
L_000001aae1d02998 .functor BUFT 1, C4<00000000001>, C4<0>, C4<0>, C4<0>;
v000001aae19465d0_0 .net/2u *"_ivl_14", 10 0, L_000001aae1d02998;  1 drivers
v000001aae1945b30_0 .net *"_ivl_16", 10 0, L_000001aae1d4bb00;  1 drivers
v000001aae1946670_0 .net *"_ivl_18", 11 0, L_000001aae1d4ad40;  1 drivers
L_000001aae1d029e0 .functor BUFT 1, C4<0>, C4<0>, C4<0>, C4<0>;
v000001aae192f650_0 .net/2u *"_ivl_20", 0 0, L_000001aae1d029e0;  1 drivers
v000001aae192ee30_0 .net *"_ivl_22", 11 0, L_000001aae1d4b060;  1 drivers
L_000001aae1d02908 .functor BUFT 1, C4<1>, C4<0>, C4<0>, C4<0>;
v000001aae192f150_0 .net/2u *"_ivl_6", 0 0, L_000001aae1d02908;  1 drivers
v000001aae192f330_0 .var "bit_out", 0 0;
v000001aae192f3d0_0 .net "clk", 0 0, v000001aae1d01740_0;  alias, 1 drivers
v000001aae1cfdf40_0 .net "emax", 4 0, v000001aae1d016a0_0;  alias, 1 drivers
v000001aae1cfc960_0 .net "emin", 4 0, v000001aae1d00340_0;  alias, 1 drivers
v000001aae1cfc5a0_0 .var "exp_cur", 4 0;
v000001aae1cfc500_0 .net "fp_exp", 4 0, L_000001aae1d4bd80;  1 drivers
v000001aae1cfd360_0 .net "fp_in", 15 0, L_000001aae1d4c640;  1 drivers
v000001aae1cfda40_0 .net "fp_man", 9 0, L_000001aae1d4b420;  1 drivers
v000001aae1cfc640_0 .net "fp_sign", 0 0, L_000001aae1d4aca0;  1 drivers
v000001aae1cfcc80_0 .net "load", 0 0, v000001aae1d01c40_0;  alias, 1 drivers
v000001aae1cfd680_0 .net "magnitude", 10 0, L_000001aae1d4af20;  1 drivers
v000001aae1cfd9a0_0 .var "man_shift", 11 0;
v000001aae1cfcfa0_0 .net "man_tc", 11 0, L_000001aae1d4ade0;  1 drivers
v000001aae1cfc460_0 .var "mant_cnt", 3 0;
v000001aae1cfc6e0_0 .net "rst_n", 0 0, v000001aae1d00b60_0;  alias, 1 drivers
v000001aae1cfd720_0 .var "sign_bit", 0 0;
v000001aae1cfd400_0 .var "state", 1 0;
v000001aae1cfc320_0 .var "zero_rem", 4 0;
L_000001aae1d4aca0 .part L_000001aae1d4c640, 15, 1;
L_000001aae1d4bd80 .part L_000001aae1d4c640, 10, 5;
L_000001aae1d4b420 .part L_000001aae1d4c640, 0, 10;
L_000001aae1d4af20 .concat [ 10 1 0 0], L_000001aae1d4b420, L_000001aae1d02908;
L_000001aae1d4bb00 .arith/sum 11, L_000001aae194f210, L_000001aae1d02998;
L_000001aae1d4ad40 .concat [ 11 1 0 0], L_000001aae1d4bb00, L_000001aae1d02950;
L_000001aae1d4b060 .concat [ 11 1 0 0], L_000001aae1d4af20, L_000001aae1d029e0;
L_000001aae1d4ade0 .functor MUXZ 12, L_000001aae1d4b060, L_000001aae1d4ad40, L_000001aae1d4aca0, C4<>;
S_000001aae18ba780 .scope generate, "gen_channels[2]" "gen_channels[2]" 3 139, 3 139 0, S_000001aae1960d70;
 .timescale -9 -12;
P_000001aae1939a40 .param/l "ch" 0 3 139, +C4<010>;
S_000001aae18ba910 .scope module, "u_ch" "aligner_channel" 3 144, 4 21 0, S_000001aae18ba780;
 .timescale -9 -12;
    .port_info 0 /INPUT 1 "clk";
    .port_info 1 /INPUT 1 "rst_n";
    .port_info 2 /INPUT 1 "load";
    .port_info 3 /INPUT 5 "emax";
    .port_info 4 /INPUT 5 "emin";
    .port_info 5 /INPUT 16 "fp_in";
    .port_info 6 /OUTPUT 1 "bit_out";
P_000001aae1882a40 .param/l "EXP_W" 0 4 22, +C4<00000000000000000000000000000101>;
P_000001aae1882a78 .param/l "FP_W" 0 4 24, +C4<00000000000000000000000000010000>;
P_000001aae1882ab0 .param/l "MAN_TC_W" 1 4 56, +C4<000000000000000000000000000001100>;
P_000001aae1882ae8 .param/l "MAN_W" 0 4 23, +C4<00000000000000000000000000001010>;
P_000001aae1882b20 .param/l "S_ALIGN" 1 4 68, C4<01>;
P_000001aae1882b58 .param/l "S_IDLE" 1 4 67, C4<00>;
P_000001aae1882b90 .param/l "S_MANT" 1 4 69, C4<10>;
P_000001aae1882bc8 .param/l "S_ZERO" 1 4 70, C4<11>;
L_000001aae194f0c0 .functor NOT 11, L_000001aae1d4b380, C4<00000000000>, C4<00000000000>, C4<00000000000>;
L_000001aae1d02a70 .functor BUFT 1, C4<1>, C4<0>, C4<0>, C4<0>;
v000001aae1cfce60_0 .net/2u *"_ivl_10", 0 0, L_000001aae1d02a70;  1 drivers
v000001aae1cfdfe0_0 .net *"_ivl_12", 10 0, L_000001aae194f0c0;  1 drivers
L_000001aae1d02ab8 .functor BUFT 1, C4<00000000001>, C4<0>, C4<0>, C4<0>;
v000001aae1cfcb40_0 .net/2u *"_ivl_14", 10 0, L_000001aae1d02ab8;  1 drivers
v000001aae1cfd0e0_0 .net *"_ivl_16", 10 0, L_000001aae1d4b560;  1 drivers
v000001aae1cfd540_0 .net *"_ivl_18", 11 0, L_000001aae1d4b880;  1 drivers
L_000001aae1d02b00 .functor BUFT 1, C4<0>, C4<0>, C4<0>, C4<0>;
v000001aae1cfcd20_0 .net/2u *"_ivl_20", 0 0, L_000001aae1d02b00;  1 drivers
v000001aae1cfc3c0_0 .net *"_ivl_22", 11 0, L_000001aae1d4c000;  1 drivers
L_000001aae1d02a28 .functor BUFT 1, C4<1>, C4<0>, C4<0>, C4<0>;
v000001aae1cfc780_0 .net/2u *"_ivl_6", 0 0, L_000001aae1d02a28;  1 drivers
v000001aae1cfca00_0 .var "bit_out", 0 0;
v000001aae1cfc1e0_0 .net "clk", 0 0, v000001aae1d01740_0;  alias, 1 drivers
v000001aae1cfc820_0 .net "emax", 4 0, v000001aae1d016a0_0;  alias, 1 drivers
v000001aae1cfd900_0 .net "emin", 4 0, v000001aae1d00340_0;  alias, 1 drivers
v000001aae1cfc280_0 .var "exp_cur", 4 0;
v000001aae1cfc8c0_0 .net "fp_exp", 4 0, L_000001aae1d4b740;  1 drivers
v000001aae1cfd4a0_0 .net "fp_in", 15 0, L_000001aae1d4b2e0;  1 drivers
v000001aae1cfd7c0_0 .net "fp_man", 9 0, L_000001aae1d4ba60;  1 drivers
v000001aae1cfcaa0_0 .net "fp_sign", 0 0, L_000001aae1d4b7e0;  1 drivers
v000001aae1cfd5e0_0 .net "load", 0 0, v000001aae1d01c40_0;  alias, 1 drivers
v000001aae1cfcdc0_0 .net "magnitude", 10 0, L_000001aae1d4b380;  1 drivers
v000001aae1cfcf00_0 .var "man_shift", 11 0;
v000001aae1cfcbe0_0 .net "man_tc", 11 0, L_000001aae1d4c320;  1 drivers
v000001aae1cfd860_0 .var "mant_cnt", 3 0;
v000001aae1cfd040_0 .net "rst_n", 0 0, v000001aae1d00b60_0;  alias, 1 drivers
v000001aae1cfd180_0 .var "sign_bit", 0 0;
v000001aae1cfd220_0 .var "state", 1 0;
v000001aae1cfd2c0_0 .var "zero_rem", 4 0;
L_000001aae1d4b7e0 .part L_000001aae1d4b2e0, 15, 1;
L_000001aae1d4b740 .part L_000001aae1d4b2e0, 10, 5;
L_000001aae1d4ba60 .part L_000001aae1d4b2e0, 0, 10;
L_000001aae1d4b380 .concat [ 10 1 0 0], L_000001aae1d4ba60, L_000001aae1d02a28;
L_000001aae1d4b560 .arith/sum 11, L_000001aae194f0c0, L_000001aae1d02ab8;
L_000001aae1d4b880 .concat [ 11 1 0 0], L_000001aae1d4b560, L_000001aae1d02a70;
L_000001aae1d4c000 .concat [ 11 1 0 0], L_000001aae1d4b380, L_000001aae1d02b00;
L_000001aae1d4c320 .functor MUXZ 12, L_000001aae1d4c000, L_000001aae1d4b880, L_000001aae1d4b7e0, C4<>;
S_000001aae1882c10 .scope generate, "gen_channels[3]" "gen_channels[3]" 3 139, 3 139 0, S_000001aae1960d70;
 .timescale -9 -12;
P_000001aae1939600 .param/l "ch" 0 3 139, +C4<011>;
S_000001aae1966990 .scope module, "u_ch" "aligner_channel" 3 144, 4 21 0, S_000001aae1882c10;
 .timescale -9 -12;
    .port_info 0 /INPUT 1 "clk";
    .port_info 1 /INPUT 1 "rst_n";
    .port_info 2 /INPUT 1 "load";
    .port_info 3 /INPUT 5 "emax";
    .port_info 4 /INPUT 5 "emin";
    .port_info 5 /INPUT 16 "fp_in";
    .port_info 6 /OUTPUT 1 "bit_out";
P_000001aae1966b20 .param/l "EXP_W" 0 4 22, +C4<00000000000000000000000000000101>;
P_000001aae1966b58 .param/l "FP_W" 0 4 24, +C4<00000000000000000000000000010000>;
P_000001aae1966b90 .param/l "MAN_TC_W" 1 4 56, +C4<000000000000000000000000000001100>;
P_000001aae1966bc8 .param/l "MAN_W" 0 4 23, +C4<00000000000000000000000000001010>;
P_000001aae1966c00 .param/l "S_ALIGN" 1 4 68, C4<01>;
P_000001aae1966c38 .param/l "S_IDLE" 1 4 67, C4<00>;
P_000001aae1966c70 .param/l "S_MANT" 1 4 69, C4<10>;
P_000001aae1966ca8 .param/l "S_ZERO" 1 4 70, C4<11>;
L_000001aae194f520 .functor NOT 11, L_000001aae1d4c0a0, C4<00000000000>, C4<00000000000>, C4<00000000000>;
L_000001aae1d02b90 .functor BUFT 1, C4<1>, C4<0>, C4<0>, C4<0>;
v000001aae1cfdae0_0 .net/2u *"_ivl_10", 0 0, L_000001aae1d02b90;  1 drivers
v000001aae1cfc140_0 .net *"_ivl_12", 10 0, L_000001aae194f520;  1 drivers
L_000001aae1d02bd8 .functor BUFT 1, C4<00000000001>, C4<0>, C4<0>, C4<0>;
v000001aae1cfdb80_0 .net/2u *"_ivl_14", 10 0, L_000001aae1d02bd8;  1 drivers
v000001aae1cfdc20_0 .net *"_ivl_16", 10 0, L_000001aae1d4b600;  1 drivers
v000001aae1cfdcc0_0 .net *"_ivl_18", 11 0, L_000001aae1d4ae80;  1 drivers
L_000001aae1d02c20 .functor BUFT 1, C4<0>, C4<0>, C4<0>, C4<0>;
v000001aae1cfdd60_0 .net/2u *"_ivl_20", 0 0, L_000001aae1d02c20;  1 drivers
v000001aae1cfde00_0 .net *"_ivl_22", 11 0, L_000001aae1d4bec0;  1 drivers
L_000001aae1d02b48 .functor BUFT 1, C4<1>, C4<0>, C4<0>, C4<0>;
v000001aae1cfdea0_0 .net/2u *"_ivl_6", 0 0, L_000001aae1d02b48;  1 drivers
v000001aae1cff230_0 .var "bit_out", 0 0;
v000001aae1cfe970_0 .net "clk", 0 0, v000001aae1d01740_0;  alias, 1 drivers
v000001aae1cfe330_0 .net "emax", 4 0, v000001aae1d016a0_0;  alias, 1 drivers
v000001aae1cff690_0 .net "emin", 4 0, v000001aae1d00340_0;  alias, 1 drivers
v000001aae1cfeb50_0 .var "exp_cur", 4 0;
v000001aae1cffb90_0 .net "fp_exp", 4 0, L_000001aae1d4c3c0;  1 drivers
v000001aae1cfec90_0 .net "fp_in", 15 0, L_000001aae1d4bce0;  1 drivers
v000001aae1cfe8d0_0 .net "fp_man", 9 0, L_000001aae1d4b920;  1 drivers
v000001aae1cffc30_0 .net "fp_sign", 0 0, L_000001aae1d4c6e0;  1 drivers
v000001aae1cffe10_0 .net "load", 0 0, v000001aae1d01c40_0;  alias, 1 drivers
v000001aae1cfee70_0 .net "magnitude", 10 0, L_000001aae1d4c0a0;  1 drivers
v000001aae1cffcd0_0 .var "man_shift", 11 0;
v000001aae1cff370_0 .net "man_tc", 11 0, L_000001aae1d4b9c0;  1 drivers
v000001aae1cff730_0 .var "mant_cnt", 3 0;
v000001aae1cfe510_0 .net "rst_n", 0 0, v000001aae1d00b60_0;  alias, 1 drivers
v000001aae1cffa50_0 .var "sign_bit", 0 0;
v000001aae1cfe3d0_0 .var "state", 1 0;
v000001aae1cfebf0_0 .var "zero_rem", 4 0;
L_000001aae1d4c6e0 .part L_000001aae1d4bce0, 15, 1;
L_000001aae1d4c3c0 .part L_000001aae1d4bce0, 10, 5;
L_000001aae1d4b920 .part L_000001aae1d4bce0, 0, 10;
L_000001aae1d4c0a0 .concat [ 10 1 0 0], L_000001aae1d4b920, L_000001aae1d02b48;
L_000001aae1d4b600 .arith/sum 11, L_000001aae194f520, L_000001aae1d02bd8;
L_000001aae1d4ae80 .concat [ 11 1 0 0], L_000001aae1d4b600, L_000001aae1d02b90;
L_000001aae1d4bec0 .concat [ 11 1 0 0], L_000001aae1d4c0a0, L_000001aae1d02c20;
L_000001aae1d4b9c0 .functor MUXZ 12, L_000001aae1d4bec0, L_000001aae1d4ae80, L_000001aae1d4c6e0, C4<>;
S_000001aae1966cf0 .scope function.vec4.s1, "f_bit_ref" "f_bit_ref" 2 106, 2 106 0, S_000001aae1951d80;
 .timescale -9 -12;
v000001aae1cff5f0_0 .var/i "a", 31 0;
v000001aae1cffd70_0 .var/i "c", 31 0;
v000001aae1cfff50_0 .var "e", 4 0;
v000001aae1cffeb0_0 .var "ei", 4 0;
v000001aae1cfe150_0 .var "em", 4 0;
; Variable f_bit_ref is vec4 return value of scope S_000001aae1966cf0
v000001aae1d005c0_0 .var "fp", 15 0;
v000001aae1d003e0_0 .var "s", 0 0;
v000001aae1d01240_0 .var "tc", 11 0;
TD_tb_aligner.f_bit_ref ;
    %load/vec4 v000001aae1d005c0_0;
    %parti/s 1, 15, 5;
    %store/vec4 v000001aae1d003e0_0, 0, 1;
    %load/vec4 v000001aae1d005c0_0;
    %parti/s 5, 10, 5;
    %store/vec4 v000001aae1cfff50_0, 0, 5;
    %load/vec4 v000001aae1d005c0_0;
    %store/vec4 v000001aae1d00fc0_0, 0, 16;
    %callf/vec4 TD_tb_aligner.f_mantc, S_000001aae1d02120;
    %store/vec4 v000001aae1d01240_0, 0, 12;
    %load/vec4 v000001aae1cfe150_0;
    %pad/u 32;
    %load/vec4 v000001aae1cfff50_0;
    %pad/u 32;
    %sub;
    %store/vec4 v000001aae1cff5f0_0, 0, 32;
    %load/vec4 v000001aae1cffd70_0;
    %load/vec4 v000001aae1cff5f0_0;
    %cmp/s;
    %flag_or 5, 4;
    %jmp/0xz  T_0.0, 5;
    %load/vec4 v000001aae1d003e0_0;
    %ret/vec4 0, 0, 1;  Assign to f_bit_ref (store_vec4_to_lval)
    %jmp T_0.1;
T_0.0 ;
    %load/vec4 v000001aae1cffd70_0;
    %pad/s 33;
    %load/vec4 v000001aae1cff5f0_0;
    %pad/s 33;
    %addi 12, 0, 33;
    %cmp/s;
    %flag_or 5, 4;
    %jmp/0xz  T_0.2, 5;
    %load/vec4 v000001aae1d01240_0;
    %pushi/vec4 11, 0, 33;
    %load/vec4 v000001aae1cffd70_0;
    %pad/s 33;
    %load/vec4 v000001aae1cff5f0_0;
    %pad/s 33;
    %sub;
    %subi 1, 0, 33;
    %sub;
    %part/s 1;
    %ret/vec4 0, 0, 1;  Assign to f_bit_ref (store_vec4_to_lval)
    %jmp T_0.3;
T_0.2 ;
    %pushi/vec4 0, 0, 1;
    %ret/vec4 0, 0, 1;  Assign to f_bit_ref (store_vec4_to_lval)
T_0.3 ;
T_0.1 ;
    %end;
S_000001aae1d02120 .scope function.vec4.s12, "f_mantc" "f_mantc" 2 94, 2 94 0, S_000001aae1951d80;
 .timescale -9 -12;
; Variable f_mantc is vec4 return value of scope S_000001aae1d02120
v000001aae1d00fc0_0 .var "fp", 15 0;
v000001aae1d00660_0 .var "mag", 10 0;
v000001aae1d00980_0 .var "s", 0 0;
TD_tb_aligner.f_mantc ;
    %load/vec4 v000001aae1d00fc0_0;
    %parti/s 1, 15, 5;
    %store/vec4 v000001aae1d00980_0, 0, 1;
    %pushi/vec4 1, 0, 1;
    %load/vec4 v000001aae1d00fc0_0;
    %parti/s 10, 0, 2;
    %concat/vec4; draw_concat_vec4
    %store/vec4 v000001aae1d00660_0, 0, 11;
    %load/vec4 v000001aae1d00980_0;
    %flag_set/vec4 8;
    %jmp/0 T_1.4, 8;
    %pushi/vec4 1, 0, 1;
    %load/vec4 v000001aae1d00660_0;
    %inv;
    %addi 1, 0, 11;
    %concat/vec4; draw_concat_vec4
    %jmp/1 T_1.5, 8;
T_1.4 ; End of true expr.
    %pushi/vec4 0, 0, 1;
    %load/vec4 v000001aae1d00660_0;
    %concat/vec4; draw_concat_vec4
    %jmp/0 T_1.5, 8;
 ; End of false expr.
    %blend;
T_1.5;
    %ret/vec4 0, 0, 12;  Assign to f_mantc (store_vec4_to_lval)
    %end;
S_000001aae1d022b0 .scope task, "run_test" "run_test" 2 131, 2 131 0, S_000001aae1951d80;
 .timescale -9 -12;
v000001aae1d01ba0_0 .var "t_ei", 4 0;
v000001aae1d00520_0 .var "t_em", 4 0;
v000001aae1d00480_0 .var "t_vec", 63 0;
E_000001aae193acc0 .event posedge, v000001aae19462b0_0;
E_000001aae1939e00 .event negedge, v000001aae19462b0_0;
TD_tb_aligner.run_test ;
    %load/vec4 v000001aae1d00520_0;
    %pad/u 32;
    %load/vec4 v000001aae1d01ba0_0;
    %pad/u 32;
    %sub;
    %addi 12, 0, 32;
    %store/vec4 v000001aae1d01920_0, 0, 32;
    %pushi/vec4 0, 0, 32;
    %store/vec4 v000001aae1d01b00_0, 0, 32;
    %wait E_000001aae1939e00;
    %load/vec4 v000001aae1d00520_0;
    %store/vec4 v000001aae1d016a0_0, 0, 5;
    %load/vec4 v000001aae1d01ba0_0;
    %store/vec4 v000001aae1d00340_0, 0, 5;
    %load/vec4 v000001aae1d00480_0;
    %store/vec4 v000001aae1d007a0_0, 0, 64;
    %pushi/vec4 1, 0, 1;
    %store/vec4 v000001aae1d01c40_0, 0, 1;
    %delay 1000, 0;
    %load/vec4 v000001aae1d01d80_0;
    %pad/u 32;
    %load/vec4 v000001aae1d01920_0;
    %cmp/ne;
    %jmp/0xz  T_2.6, 6;
    %vpi_call 2 149 "$display", "[FAIL] %s: total_cyc_out error! Expected %0d, Got %0d", v000001aae1d00e80_0, v000001aae1d01920_0, v000001aae1d01d80_0 {0 0 0};
    %load/vec4 v000001aae1d01b00_0;
    %addi 1, 0, 32;
    %store/vec4 v000001aae1d01b00_0, 0, 32;
T_2.6 ;
    %wait E_000001aae1939e00;
    %pushi/vec4 0, 0, 1;
    %store/vec4 v000001aae1d01c40_0, 0, 1;
    %pushi/vec4 1, 0, 32;
    %store/vec4 v000001aae1d00f20_0, 0, 32;
T_2.8 ;
    %load/vec4 v000001aae1d00f20_0;
    %load/vec4 v000001aae1d01920_0;
    %cmp/s;
    %flag_or 5, 4;
    %jmp/0xz T_2.9, 5;
    %wait E_000001aae193acc0;
    %delay 1000, 0;
    %load/vec4 v000001aae1d01380_0;
    %cmpi/ne 1, 0, 1;
    %jmp/0xz  T_2.10, 6;
    %vpi_call 2 163 "$display", "[FAIL] %s: bs_valid LOW at cycle %0d/%0d", v000001aae1d00e80_0, v000001aae1d00f20_0, v000001aae1d01920_0 {0 0 0};
    %load/vec4 v000001aae1d01b00_0;
    %addi 1, 0, 32;
    %store/vec4 v000001aae1d01b00_0, 0, 32;
T_2.10 ;
    %load/vec4 v000001aae1d00f20_0;
    %load/vec4 v000001aae1d01920_0;
    %cmp/e;
    %jmp/0xz  T_2.12, 4;
    %load/vec4 v000001aae1d012e0_0;
    %cmpi/ne 1, 0, 1;
    %jmp/0xz  T_2.14, 6;
    %vpi_call 2 170 "$display", "[FAIL] %s: bs_done missing on last cycle %0d", v000001aae1d00e80_0, v000001aae1d01920_0 {0 0 0};
    %load/vec4 v000001aae1d01b00_0;
    %addi 1, 0, 32;
    %store/vec4 v000001aae1d01b00_0, 0, 32;
T_2.14 ;
    %jmp T_2.13;
T_2.12 ;
    %load/vec4 v000001aae1d012e0_0;
    %cmpi/e 1, 0, 1;
    %jmp/0xz  T_2.16, 6;
    %vpi_call 2 175 "$display", "[FAIL] %s: bs_done early at cycle %0d/%0d", v000001aae1d00e80_0, v000001aae1d00f20_0, v000001aae1d01920_0 {0 0 0};
    %load/vec4 v000001aae1d01b00_0;
    %addi 1, 0, 32;
    %store/vec4 v000001aae1d01b00_0, 0, 32;
T_2.16 ;
T_2.13 ;
    %pushi/vec4 0, 0, 32;
    %store/vec4 v000001aae1d01560_0, 0, 32;
T_2.18 ;
    %load/vec4 v000001aae1d01560_0;
    %cmpi/s 4, 0, 32;
    %jmp/0xz T_2.19, 5;
    %load/vec4 v000001aae1d00480_0;
    %load/vec4 v000001aae1d01560_0;
    %muli 16, 0, 32;
    %part/s 16;
    %load/vec4 v000001aae1d00520_0;
    %load/vec4 v000001aae1d01ba0_0;
    %load/vec4 v000001aae1d00f20_0;
    %store/vec4 v000001aae1cffd70_0, 0, 32;
    %store/vec4 v000001aae1cffeb0_0, 0, 5;
    %store/vec4 v000001aae1cfe150_0, 0, 5;
    %store/vec4 v000001aae1d005c0_0, 0, 16;
    %callf/vec4 TD_tb_aligner.f_bit_ref, S_000001aae1966cf0;
    %store/vec4 v000001aae1d01ce0_0, 0, 1;
    %load/vec4 v000001aae1d01ec0_0;
    %load/vec4 v000001aae1d01560_0;
    %part/s 1;
    %store/vec4 v000001aae1d01420_0, 0, 1;
    %load/vec4 v000001aae1d01420_0;
    %load/vec4 v000001aae1d01ce0_0;
    %cmp/ne;
    %jmp/0xz  T_2.20, 6;
    %load/vec4 v000001aae1d00480_0;
    %load/vec4 v000001aae1d01560_0;
    %muli 16, 0, 32;
    %part/s 16;
    %vpi_call 2 185 "$display", "[FAIL] %s: ch=%0d cyc=%0d exp=%b got=%b  fp=0x%04h  em=%0d ei=%0d", v000001aae1d00e80_0, v000001aae1d01560_0, v000001aae1d00f20_0, v000001aae1d01ce0_0, v000001aae1d01420_0, S<0,vec4,u16>, v000001aae1d00520_0, v000001aae1d01ba0_0 {1 0 0};
    %load/vec4 v000001aae1d01b00_0;
    %addi 1, 0, 32;
    %store/vec4 v000001aae1d01b00_0, 0, 32;
T_2.20 ;
    %load/vec4 v000001aae1d01560_0;
    %addi 1, 0, 32;
    %store/vec4 v000001aae1d01560_0, 0, 32;
    %jmp T_2.18;
T_2.19 ;
    %load/vec4 v000001aae1d00f20_0;
    %addi 1, 0, 32;
    %store/vec4 v000001aae1d00f20_0, 0, 32;
    %jmp T_2.8;
T_2.9 ;
    %wait E_000001aae193acc0;
    %delay 1000, 0;
    %load/vec4 v000001aae1d01380_0;
    %cmpi/ne 0, 0, 1;
    %jmp/0xz  T_2.22, 6;
    %vpi_call 2 197 "$display", "[FAIL] %s: bs_valid still HIGH after last cycle", v000001aae1d00e80_0 {0 0 0};
    %load/vec4 v000001aae1d01b00_0;
    %addi 1, 0, 32;
    %store/vec4 v000001aae1d01b00_0, 0, 32;
T_2.22 ;
    %load/vec4 v000001aae1d01ec0_0;
    %or/r;
    %cmpi/ne 0, 0, 1;
    %jmp/0xz  T_2.24, 6;
    %vpi_call 2 201 "$display", "[FAIL] %s: bs_out not zero after last cycle (got %b)", v000001aae1d00e80_0, v000001aae1d01ec0_0 {0 0 0};
    %load/vec4 v000001aae1d01b00_0;
    %addi 1, 0, 32;
    %store/vec4 v000001aae1d01b00_0, 0, 32;
T_2.24 ;
    %load/vec4 v000001aae1d00700_0;
    %load/vec4 v000001aae1d01b00_0;
    %add;
    %store/vec4 v000001aae1d00700_0, 0, 32;
    %load/vec4 v000001aae1d01b00_0;
    %cmpi/e 0, 0, 32;
    %jmp/0xz  T_2.26, 4;
    %vpi_call 2 208 "$display", "[PASS] %-36s  em=%02d ei=%02d cyc=%0d", v000001aae1d00e80_0, v000001aae1d00520_0, v000001aae1d01ba0_0, v000001aae1d01920_0 {0 0 0};
    %jmp T_2.27;
T_2.26 ;
    %vpi_call 2 210 "$display", "[FAIL] %-36s  (%0d error(s))", v000001aae1d00e80_0, v000001aae1d01b00_0 {0 0 0};
T_2.27 ;
    %end;
S_000001aae1d02440 .scope task, "sanity_check" "sanity_check" 2 217, 2 217 0, S_000001aae1951d80;
 .timescale -9 -12;
TD_tb_aligner.sanity_check ;
    %pushi/vec4 20480, 0, 16;
    %store/vec4 v000001aae1d019c0_0, 0, 16;
    %pushi/vec4 0, 0, 1;
    %ix/load 4, 0, 0;
    %flag_set/imm 4, 0;
    %store/vec4a v000001aae1d00ca0, 4, 0;
    %pushi/vec4 1, 0, 1;
    %ix/load 4, 1, 0;
    %flag_set/imm 4, 0;
    %store/vec4a v000001aae1d00ca0, 4, 0;
    %pushi/vec4 0, 0, 1;
    %ix/load 4, 2, 0;
    %flag_set/imm 4, 0;
    %store/vec4a v000001aae1d00ca0, 4, 0;
    %pushi/vec4 0, 0, 1;
    %ix/load 4, 3, 0;
    %flag_set/imm 4, 0;
    %store/vec4a v000001aae1d00ca0, 4, 0;
    %pushi/vec4 0, 0, 1;
    %ix/load 4, 4, 0;
    %flag_set/imm 4, 0;
    %store/vec4a v000001aae1d00ca0, 4, 0;
    %pushi/vec4 0, 0, 1;
    %ix/load 4, 5, 0;
    %flag_set/imm 4, 0;
    %store/vec4a v000001aae1d00ca0, 4, 0;
    %pushi/vec4 0, 0, 1;
    %ix/load 4, 6, 0;
    %flag_set/imm 4, 0;
    %store/vec4a v000001aae1d00ca0, 4, 0;
    %pushi/vec4 0, 0, 1;
    %ix/load 4, 7, 0;
    %flag_set/imm 4, 0;
    %store/vec4a v000001aae1d00ca0, 4, 0;
    %pushi/vec4 0, 0, 1;
    %ix/load 4, 8, 0;
    %flag_set/imm 4, 0;
    %store/vec4a v000001aae1d00ca0, 4, 0;
    %pushi/vec4 0, 0, 1;
    %ix/load 4, 9, 0;
    %flag_set/imm 4, 0;
    %store/vec4a v000001aae1d00ca0, 4, 0;
    %pushi/vec4 0, 0, 1;
    %ix/load 4, 10, 0;
    %flag_set/imm 4, 0;
    %store/vec4a v000001aae1d00ca0, 4, 0;
    %pushi/vec4 0, 0, 1;
    %ix/load 4, 11, 0;
    %flag_set/imm 4, 0;
    %store/vec4a v000001aae1d00ca0, 4, 0;
    %pushi/vec4 0, 0, 1;
    %ix/load 4, 12, 0;
    %flag_set/imm 4, 0;
    %store/vec4a v000001aae1d00ca0, 4, 0;
    %pushi/vec4 0, 0, 1;
    %ix/load 4, 13, 0;
    %flag_set/imm 4, 0;
    %store/vec4a v000001aae1d00ca0, 4, 0;
    %pushi/vec4 0, 0, 1;
    %ix/load 4, 14, 0;
    %flag_set/imm 4, 0;
    %store/vec4a v000001aae1d00ca0, 4, 0;
    %pushi/vec4 0, 0, 1;
    %ix/load 4, 15, 0;
    %flag_set/imm 4, 0;
    %store/vec4a v000001aae1d00ca0, 4, 0;
    %load/vec4 v000001aae1d019c0_0;
    %store/vec4 v000001aae1d00fc0_0, 0, 16;
    %callf/vec4 TD_tb_aligner.f_mantc, S_000001aae1d02120;
    %store/vec4 v000001aae1d01880_0, 0, 12;
    %pushi/vec4 1, 0, 32;
    %store/vec4 v000001aae1d014c0_0, 0, 32;
    %vpi_call 2 241 "$display", "--- SANITY: FP16=0x%04h (+32.0)  Emax=20 Emin=16 ---", v000001aae1d019c0_0 {0 0 0};
    %vpi_call 2 242 "$display", "    f_mantc = 12'b%b  (expected 12'b010000000000)", v000001aae1d01880_0 {0 0 0};
    %load/vec4 v000001aae1d01880_0;
    %cmpi/ne 1024, 0, 12;
    %jmp/0xz  T_3.28, 6;
    %vpi_call 2 244 "$display", "[SANITY FAIL] f_mantc wrong! got 12'h%03h", v000001aae1d01880_0 {0 0 0};
    %pushi/vec4 0, 0, 32;
    %store/vec4 v000001aae1d014c0_0, 0, 32;
    %load/vec4 v000001aae1d00700_0;
    %addi 1, 0, 32;
    %store/vec4 v000001aae1d00700_0, 0, 32;
T_3.28 ;
    %pushi/vec4 1, 0, 32;
    %store/vec4 v000001aae1d00d40_0, 0, 32;
T_3.30 ;
    %load/vec4 v000001aae1d00d40_0;
    %cmpi/s 16, 0, 32;
    %flag_or 5, 4;
    %jmp/0xz T_3.31, 5;
    %load/vec4 v000001aae1d019c0_0;
    %pushi/vec4 20, 0, 5;
    %pushi/vec4 16, 0, 5;
    %load/vec4 v000001aae1d00d40_0;
    %store/vec4 v000001aae1cffd70_0, 0, 32;
    %store/vec4 v000001aae1cffeb0_0, 0, 5;
    %store/vec4 v000001aae1cfe150_0, 0, 5;
    %store/vec4 v000001aae1d005c0_0, 0, 16;
    %callf/vec4 TD_tb_aligner.f_bit_ref, S_000001aae1966cf0;
    %load/vec4 v000001aae1d00d40_0;
    %subi 1, 0, 32;
    %ix/vec4/s 4;
    %load/vec4a v000001aae1d00ca0, 4;
    %cmp/ne;
    %jmp/0xz  T_3.32, 6;
    %load/vec4 v000001aae1d00d40_0;
    %subi 1, 0, 32;
    %ix/vec4/s 4;
    %load/vec4a v000001aae1d00ca0, 4;
    %load/vec4 v000001aae1d019c0_0;
    %pushi/vec4 20, 0, 5;
    %pushi/vec4 16, 0, 5;
    %load/vec4 v000001aae1d00d40_0;
    %store/vec4 v000001aae1cffd70_0, 0, 32;
    %store/vec4 v000001aae1cffeb0_0, 0, 5;
    %store/vec4 v000001aae1cfe150_0, 0, 5;
    %store/vec4 v000001aae1d005c0_0, 0, 16;
    %callf/vec4 TD_tb_aligner.f_bit_ref, S_000001aae1966cf0;
    %vpi_call 2 251 "$display", "[SANITY FAIL] cyc=%02d hand=%b ref=%b", v000001aae1d00d40_0, S<1,vec4,u1>, S<0,vec4,u1> {2 0 0};
    %pushi/vec4 0, 0, 32;
    %store/vec4 v000001aae1d014c0_0, 0, 32;
    %load/vec4 v000001aae1d00700_0;
    %addi 1, 0, 32;
    %store/vec4 v000001aae1d00700_0, 0, 32;
T_3.32 ;
    %load/vec4 v000001aae1d00d40_0;
    %addi 1, 0, 32;
    %store/vec4 v000001aae1d00d40_0, 0, 32;
    %jmp T_3.30;
T_3.31 ;
    %load/vec4 v000001aae1d014c0_0;
    %cmpi/ne 0, 0, 32;
    %jmp/0xz  T_3.34, 4;
    %vpi_call 2 259 "$display", "[SANITY PASS] Reference model matches hand computation" {0 0 0};
T_3.34 ;
    %vpi_call 2 260 "$display", "\000" {0 0 0};
    %end;
    .scope S_000001aae19585e0;
T_4 ;
    %wait E_000001aae19395c0;
    %load/vec4 v000001aae1945d10_0;
    %nor/r;
    %flag_set/vec4 8;
    %jmp/0xz  T_4.0, 8;
    %pushi/vec4 0, 0, 2;
    %assign/vec4 v000001aae1946490_0, 0;
    %pushi/vec4 0, 0, 1;
    %assign/vec4 v000001aae1944f50_0, 0;
    %pushi/vec4 0, 0, 5;
    %assign/vec4 v000001aae19463f0_0, 0;
    %pushi/vec4 0, 0, 12;
    %assign/vec4 v000001aae1945310_0, 0;
    %pushi/vec4 0, 0, 5;
    %assign/vec4 v000001aae19454f0_0, 0;
    %pushi/vec4 0, 0, 4;
    %assign/vec4 v000001aae1945bd0_0, 0;
    %pushi/vec4 0, 0, 1;
    %assign/vec4 v000001aae1945090_0, 0;
    %jmp T_4.1;
T_4.0 ;
    %load/vec4 v000001aae1945ef0_0;
    %flag_set/vec4 8;
    %jmp/0xz  T_4.2, 8;
    %load/vec4 v000001aae1945e50_0;
    %assign/vec4 v000001aae1945090_0, 0;
    %load/vec4 v000001aae19453b0_0;
    %load/vec4 v000001aae1944eb0_0;
    %sub;
    %assign/vec4 v000001aae19454f0_0, 0;
    %load/vec4 v000001aae19453b0_0;
    %load/vec4 v000001aae1946710_0;
    %cmp/u;
    %jmp/0xz  T_4.4, 5;
    %load/vec4 v000001aae1945e50_0;
    %assign/vec4 v000001aae1944f50_0, 0;
    %load/vec4 v000001aae1946210_0;
    %assign/vec4 v000001aae1945310_0, 0;
    %pushi/vec4 0, 0, 4;
    %assign/vec4 v000001aae1945bd0_0, 0;
    %load/vec4 v000001aae19453b0_0;
    %addi 1, 0, 5;
    %load/vec4 v000001aae1946710_0;
    %cmp/e;
    %jmp/0xz  T_4.6, 4;
    %pushi/vec4 2, 0, 2;
    %assign/vec4 v000001aae1946490_0, 0;
    %load/vec4 v000001aae1946710_0;
    %assign/vec4 v000001aae19463f0_0, 0;
    %jmp T_4.7;
T_4.6 ;
    %pushi/vec4 1, 0, 2;
    %assign/vec4 v000001aae1946490_0, 0;
    %load/vec4 v000001aae19453b0_0;
    %addi 1, 0, 5;
    %assign/vec4 v000001aae19463f0_0, 0;
T_4.7 ;
    %jmp T_4.5;
T_4.4 ;
    %pushi/vec4 2, 0, 2;
    %assign/vec4 v000001aae1946490_0, 0;
    %load/vec4 v000001aae1946210_0;
    %parti/s 1, 11, 5;
    %assign/vec4 v000001aae1944f50_0, 0;
    %load/vec4 v000001aae1946210_0;
    %parti/s 11, 0, 2;
    %concati/vec4 0, 0, 1;
    %assign/vec4 v000001aae1945310_0, 0;
    %pushi/vec4 1, 0, 4;
    %assign/vec4 v000001aae1945bd0_0, 0;
    %load/vec4 v000001aae19453b0_0;
    %assign/vec4 v000001aae19463f0_0, 0;
T_4.5 ;
    %jmp T_4.3;
T_4.2 ;
    %load/vec4 v000001aae1946490_0;
    %dup/vec4;
    %pushi/vec4 1, 0, 2;
    %cmp/u;
    %jmp/1 T_4.8, 6;
    %dup/vec4;
    %pushi/vec4 2, 0, 2;
    %cmp/u;
    %jmp/1 T_4.9, 6;
    %dup/vec4;
    %pushi/vec4 3, 0, 2;
    %cmp/u;
    %jmp/1 T_4.10, 6;
    %pushi/vec4 0, 0, 1;
    %assign/vec4 v000001aae1944f50_0, 0;
    %jmp T_4.12;
T_4.8 ;
    %load/vec4 v000001aae1945090_0;
    %assign/vec4 v000001aae1944f50_0, 0;
    %load/vec4 v000001aae19463f0_0;
    %addi 1, 0, 5;
    %load/vec4 v000001aae1946710_0;
    %cmp/e;
    %jmp/0xz  T_4.13, 4;
    %load/vec4 v000001aae1946710_0;
    %assign/vec4 v000001aae19463f0_0, 0;
    %pushi/vec4 2, 0, 2;
    %assign/vec4 v000001aae1946490_0, 0;
    %pushi/vec4 0, 0, 4;
    %assign/vec4 v000001aae1945bd0_0, 0;
    %jmp T_4.14;
T_4.13 ;
    %load/vec4 v000001aae19463f0_0;
    %addi 1, 0, 5;
    %assign/vec4 v000001aae19463f0_0, 0;
T_4.14 ;
    %jmp T_4.12;
T_4.9 ;
    %load/vec4 v000001aae1945310_0;
    %parti/s 1, 11, 5;
    %assign/vec4 v000001aae1944f50_0, 0;
    %load/vec4 v000001aae1945310_0;
    %parti/s 11, 0, 2;
    %concati/vec4 0, 0, 1;
    %assign/vec4 v000001aae1945310_0, 0;
    %load/vec4 v000001aae1945bd0_0;
    %addi 1, 0, 4;
    %assign/vec4 v000001aae1945bd0_0, 0;
    %load/vec4 v000001aae1945bd0_0;
    %pad/u 33;
    %cmpi/e 11, 0, 33;
    %jmp/0xz  T_4.15, 4;
    %load/vec4 v000001aae19454f0_0;
    %or/r;
    %flag_set/vec4 8;
    %jmp/0 T_4.17, 8;
    %pushi/vec4 3, 0, 2;
    %jmp/1 T_4.18, 8;
T_4.17 ; End of true expr.
    %pushi/vec4 0, 0, 2;
    %jmp/0 T_4.18, 8;
 ; End of false expr.
    %blend;
T_4.18;
    %assign/vec4 v000001aae1946490_0, 0;
T_4.15 ;
    %jmp T_4.12;
T_4.10 ;
    %pushi/vec4 0, 0, 1;
    %assign/vec4 v000001aae1944f50_0, 0;
    %load/vec4 v000001aae19454f0_0;
    %subi 1, 0, 5;
    %assign/vec4 v000001aae19454f0_0, 0;
    %load/vec4 v000001aae19454f0_0;
    %cmpi/e 1, 0, 5;
    %jmp/0xz  T_4.19, 4;
    %pushi/vec4 0, 0, 2;
    %assign/vec4 v000001aae1946490_0, 0;
T_4.19 ;
    %jmp T_4.12;
T_4.12 ;
    %pop/vec4 1;
T_4.3 ;
T_4.1 ;
    %jmp T_4;
    .thread T_4;
    .scope S_000001aae18cd3f0;
T_5 ;
    %wait E_000001aae19395c0;
    %load/vec4 v000001aae1cfc6e0_0;
    %nor/r;
    %flag_set/vec4 8;
    %jmp/0xz  T_5.0, 8;
    %pushi/vec4 0, 0, 2;
    %assign/vec4 v000001aae1cfd400_0, 0;
    %pushi/vec4 0, 0, 1;
    %assign/vec4 v000001aae192f330_0, 0;
    %pushi/vec4 0, 0, 5;
    %assign/vec4 v000001aae1cfc5a0_0, 0;
    %pushi/vec4 0, 0, 12;
    %assign/vec4 v000001aae1cfd9a0_0, 0;
    %pushi/vec4 0, 0, 5;
    %assign/vec4 v000001aae1cfc320_0, 0;
    %pushi/vec4 0, 0, 4;
    %assign/vec4 v000001aae1cfc460_0, 0;
    %pushi/vec4 0, 0, 1;
    %assign/vec4 v000001aae1cfd720_0, 0;
    %jmp T_5.1;
T_5.0 ;
    %load/vec4 v000001aae1cfcc80_0;
    %flag_set/vec4 8;
    %jmp/0xz  T_5.2, 8;
    %load/vec4 v000001aae1cfc640_0;
    %assign/vec4 v000001aae1cfd720_0, 0;
    %load/vec4 v000001aae1cfc500_0;
    %load/vec4 v000001aae1cfc960_0;
    %sub;
    %assign/vec4 v000001aae1cfc320_0, 0;
    %load/vec4 v000001aae1cfc500_0;
    %load/vec4 v000001aae1cfdf40_0;
    %cmp/u;
    %jmp/0xz  T_5.4, 5;
    %load/vec4 v000001aae1cfc640_0;
    %assign/vec4 v000001aae192f330_0, 0;
    %load/vec4 v000001aae1cfcfa0_0;
    %assign/vec4 v000001aae1cfd9a0_0, 0;
    %pushi/vec4 0, 0, 4;
    %assign/vec4 v000001aae1cfc460_0, 0;
    %load/vec4 v000001aae1cfc500_0;
    %addi 1, 0, 5;
    %load/vec4 v000001aae1cfdf40_0;
    %cmp/e;
    %jmp/0xz  T_5.6, 4;
    %pushi/vec4 2, 0, 2;
    %assign/vec4 v000001aae1cfd400_0, 0;
    %load/vec4 v000001aae1cfdf40_0;
    %assign/vec4 v000001aae1cfc5a0_0, 0;
    %jmp T_5.7;
T_5.6 ;
    %pushi/vec4 1, 0, 2;
    %assign/vec4 v000001aae1cfd400_0, 0;
    %load/vec4 v000001aae1cfc500_0;
    %addi 1, 0, 5;
    %assign/vec4 v000001aae1cfc5a0_0, 0;
T_5.7 ;
    %jmp T_5.5;
T_5.4 ;
    %pushi/vec4 2, 0, 2;
    %assign/vec4 v000001aae1cfd400_0, 0;
    %load/vec4 v000001aae1cfcfa0_0;
    %parti/s 1, 11, 5;
    %assign/vec4 v000001aae192f330_0, 0;
    %load/vec4 v000001aae1cfcfa0_0;
    %parti/s 11, 0, 2;
    %concati/vec4 0, 0, 1;
    %assign/vec4 v000001aae1cfd9a0_0, 0;
    %pushi/vec4 1, 0, 4;
    %assign/vec4 v000001aae1cfc460_0, 0;
    %load/vec4 v000001aae1cfc500_0;
    %assign/vec4 v000001aae1cfc5a0_0, 0;
T_5.5 ;
    %jmp T_5.3;
T_5.2 ;
    %load/vec4 v000001aae1cfd400_0;
    %dup/vec4;
    %pushi/vec4 1, 0, 2;
    %cmp/u;
    %jmp/1 T_5.8, 6;
    %dup/vec4;
    %pushi/vec4 2, 0, 2;
    %cmp/u;
    %jmp/1 T_5.9, 6;
    %dup/vec4;
    %pushi/vec4 3, 0, 2;
    %cmp/u;
    %jmp/1 T_5.10, 6;
    %pushi/vec4 0, 0, 1;
    %assign/vec4 v000001aae192f330_0, 0;
    %jmp T_5.12;
T_5.8 ;
    %load/vec4 v000001aae1cfd720_0;
    %assign/vec4 v000001aae192f330_0, 0;
    %load/vec4 v000001aae1cfc5a0_0;
    %addi 1, 0, 5;
    %load/vec4 v000001aae1cfdf40_0;
    %cmp/e;
    %jmp/0xz  T_5.13, 4;
    %load/vec4 v000001aae1cfdf40_0;
    %assign/vec4 v000001aae1cfc5a0_0, 0;
    %pushi/vec4 2, 0, 2;
    %assign/vec4 v000001aae1cfd400_0, 0;
    %pushi/vec4 0, 0, 4;
    %assign/vec4 v000001aae1cfc460_0, 0;
    %jmp T_5.14;
T_5.13 ;
    %load/vec4 v000001aae1cfc5a0_0;
    %addi 1, 0, 5;
    %assign/vec4 v000001aae1cfc5a0_0, 0;
T_5.14 ;
    %jmp T_5.12;
T_5.9 ;
    %load/vec4 v000001aae1cfd9a0_0;
    %parti/s 1, 11, 5;
    %assign/vec4 v000001aae192f330_0, 0;
    %load/vec4 v000001aae1cfd9a0_0;
    %parti/s 11, 0, 2;
    %concati/vec4 0, 0, 1;
    %assign/vec4 v000001aae1cfd9a0_0, 0;
    %load/vec4 v000001aae1cfc460_0;
    %addi 1, 0, 4;
    %assign/vec4 v000001aae1cfc460_0, 0;
    %load/vec4 v000001aae1cfc460_0;
    %pad/u 33;
    %cmpi/e 11, 0, 33;
    %jmp/0xz  T_5.15, 4;
    %load/vec4 v000001aae1cfc320_0;
    %or/r;
    %flag_set/vec4 8;
    %jmp/0 T_5.17, 8;
    %pushi/vec4 3, 0, 2;
    %jmp/1 T_5.18, 8;
T_5.17 ; End of true expr.
    %pushi/vec4 0, 0, 2;
    %jmp/0 T_5.18, 8;
 ; End of false expr.
    %blend;
T_5.18;
    %assign/vec4 v000001aae1cfd400_0, 0;
T_5.15 ;
    %jmp T_5.12;
T_5.10 ;
    %pushi/vec4 0, 0, 1;
    %assign/vec4 v000001aae192f330_0, 0;
    %load/vec4 v000001aae1cfc320_0;
    %subi 1, 0, 5;
    %assign/vec4 v000001aae1cfc320_0, 0;
    %load/vec4 v000001aae1cfc320_0;
    %cmpi/e 1, 0, 5;
    %jmp/0xz  T_5.19, 4;
    %pushi/vec4 0, 0, 2;
    %assign/vec4 v000001aae1cfd400_0, 0;
T_5.19 ;
    %jmp T_5.12;
T_5.12 ;
    %pop/vec4 1;
T_5.3 ;
T_5.1 ;
    %jmp T_5;
    .thread T_5;
    .scope S_000001aae18ba910;
T_6 ;
    %wait E_000001aae19395c0;
    %load/vec4 v000001aae1cfd040_0;
    %nor/r;
    %flag_set/vec4 8;
    %jmp/0xz  T_6.0, 8;
    %pushi/vec4 0, 0, 2;
    %assign/vec4 v000001aae1cfd220_0, 0;
    %pushi/vec4 0, 0, 1;
    %assign/vec4 v000001aae1cfca00_0, 0;
    %pushi/vec4 0, 0, 5;
    %assign/vec4 v000001aae1cfc280_0, 0;
    %pushi/vec4 0, 0, 12;
    %assign/vec4 v000001aae1cfcf00_0, 0;
    %pushi/vec4 0, 0, 5;
    %assign/vec4 v000001aae1cfd2c0_0, 0;
    %pushi/vec4 0, 0, 4;
    %assign/vec4 v000001aae1cfd860_0, 0;
    %pushi/vec4 0, 0, 1;
    %assign/vec4 v000001aae1cfd180_0, 0;
    %jmp T_6.1;
T_6.0 ;
    %load/vec4 v000001aae1cfd5e0_0;
    %flag_set/vec4 8;
    %jmp/0xz  T_6.2, 8;
    %load/vec4 v000001aae1cfcaa0_0;
    %assign/vec4 v000001aae1cfd180_0, 0;
    %load/vec4 v000001aae1cfc8c0_0;
    %load/vec4 v000001aae1cfd900_0;
    %sub;
    %assign/vec4 v000001aae1cfd2c0_0, 0;
    %load/vec4 v000001aae1cfc8c0_0;
    %load/vec4 v000001aae1cfc820_0;
    %cmp/u;
    %jmp/0xz  T_6.4, 5;
    %load/vec4 v000001aae1cfcaa0_0;
    %assign/vec4 v000001aae1cfca00_0, 0;
    %load/vec4 v000001aae1cfcbe0_0;
    %assign/vec4 v000001aae1cfcf00_0, 0;
    %pushi/vec4 0, 0, 4;
    %assign/vec4 v000001aae1cfd860_0, 0;
    %load/vec4 v000001aae1cfc8c0_0;
    %addi 1, 0, 5;
    %load/vec4 v000001aae1cfc820_0;
    %cmp/e;
    %jmp/0xz  T_6.6, 4;
    %pushi/vec4 2, 0, 2;
    %assign/vec4 v000001aae1cfd220_0, 0;
    %load/vec4 v000001aae1cfc820_0;
    %assign/vec4 v000001aae1cfc280_0, 0;
    %jmp T_6.7;
T_6.6 ;
    %pushi/vec4 1, 0, 2;
    %assign/vec4 v000001aae1cfd220_0, 0;
    %load/vec4 v000001aae1cfc8c0_0;
    %addi 1, 0, 5;
    %assign/vec4 v000001aae1cfc280_0, 0;
T_6.7 ;
    %jmp T_6.5;
T_6.4 ;
    %pushi/vec4 2, 0, 2;
    %assign/vec4 v000001aae1cfd220_0, 0;
    %load/vec4 v000001aae1cfcbe0_0;
    %parti/s 1, 11, 5;
    %assign/vec4 v000001aae1cfca00_0, 0;
    %load/vec4 v000001aae1cfcbe0_0;
    %parti/s 11, 0, 2;
    %concati/vec4 0, 0, 1;
    %assign/vec4 v000001aae1cfcf00_0, 0;
    %pushi/vec4 1, 0, 4;
    %assign/vec4 v000001aae1cfd860_0, 0;
    %load/vec4 v000001aae1cfc8c0_0;
    %assign/vec4 v000001aae1cfc280_0, 0;
T_6.5 ;
    %jmp T_6.3;
T_6.2 ;
    %load/vec4 v000001aae1cfd220_0;
    %dup/vec4;
    %pushi/vec4 1, 0, 2;
    %cmp/u;
    %jmp/1 T_6.8, 6;
    %dup/vec4;
    %pushi/vec4 2, 0, 2;
    %cmp/u;
    %jmp/1 T_6.9, 6;
    %dup/vec4;
    %pushi/vec4 3, 0, 2;
    %cmp/u;
    %jmp/1 T_6.10, 6;
    %pushi/vec4 0, 0, 1;
    %assign/vec4 v000001aae1cfca00_0, 0;
    %jmp T_6.12;
T_6.8 ;
    %load/vec4 v000001aae1cfd180_0;
    %assign/vec4 v000001aae1cfca00_0, 0;
    %load/vec4 v000001aae1cfc280_0;
    %addi 1, 0, 5;
    %load/vec4 v000001aae1cfc820_0;
    %cmp/e;
    %jmp/0xz  T_6.13, 4;
    %load/vec4 v000001aae1cfc820_0;
    %assign/vec4 v000001aae1cfc280_0, 0;
    %pushi/vec4 2, 0, 2;
    %assign/vec4 v000001aae1cfd220_0, 0;
    %pushi/vec4 0, 0, 4;
    %assign/vec4 v000001aae1cfd860_0, 0;
    %jmp T_6.14;
T_6.13 ;
    %load/vec4 v000001aae1cfc280_0;
    %addi 1, 0, 5;
    %assign/vec4 v000001aae1cfc280_0, 0;
T_6.14 ;
    %jmp T_6.12;
T_6.9 ;
    %load/vec4 v000001aae1cfcf00_0;
    %parti/s 1, 11, 5;
    %assign/vec4 v000001aae1cfca00_0, 0;
    %load/vec4 v000001aae1cfcf00_0;
    %parti/s 11, 0, 2;
    %concati/vec4 0, 0, 1;
    %assign/vec4 v000001aae1cfcf00_0, 0;
    %load/vec4 v000001aae1cfd860_0;
    %addi 1, 0, 4;
    %assign/vec4 v000001aae1cfd860_0, 0;
    %load/vec4 v000001aae1cfd860_0;
    %pad/u 33;
    %cmpi/e 11, 0, 33;
    %jmp/0xz  T_6.15, 4;
    %load/vec4 v000001aae1cfd2c0_0;
    %or/r;
    %flag_set/vec4 8;
    %jmp/0 T_6.17, 8;
    %pushi/vec4 3, 0, 2;
    %jmp/1 T_6.18, 8;
T_6.17 ; End of true expr.
    %pushi/vec4 0, 0, 2;
    %jmp/0 T_6.18, 8;
 ; End of false expr.
    %blend;
T_6.18;
    %assign/vec4 v000001aae1cfd220_0, 0;
T_6.15 ;
    %jmp T_6.12;
T_6.10 ;
    %pushi/vec4 0, 0, 1;
    %assign/vec4 v000001aae1cfca00_0, 0;
    %load/vec4 v000001aae1cfd2c0_0;
    %subi 1, 0, 5;
    %assign/vec4 v000001aae1cfd2c0_0, 0;
    %load/vec4 v000001aae1cfd2c0_0;
    %cmpi/e 1, 0, 5;
    %jmp/0xz  T_6.19, 4;
    %pushi/vec4 0, 0, 2;
    %assign/vec4 v000001aae1cfd220_0, 0;
T_6.19 ;
    %jmp T_6.12;
T_6.12 ;
    %pop/vec4 1;
T_6.3 ;
T_6.1 ;
    %jmp T_6;
    .thread T_6;
    .scope S_000001aae1966990;
T_7 ;
    %wait E_000001aae19395c0;
    %load/vec4 v000001aae1cfe510_0;
    %nor/r;
    %flag_set/vec4 8;
    %jmp/0xz  T_7.0, 8;
    %pushi/vec4 0, 0, 2;
    %assign/vec4 v000001aae1cfe3d0_0, 0;
    %pushi/vec4 0, 0, 1;
    %assign/vec4 v000001aae1cff230_0, 0;
    %pushi/vec4 0, 0, 5;
    %assign/vec4 v000001aae1cfeb50_0, 0;
    %pushi/vec4 0, 0, 12;
    %assign/vec4 v000001aae1cffcd0_0, 0;
    %pushi/vec4 0, 0, 5;
    %assign/vec4 v000001aae1cfebf0_0, 0;
    %pushi/vec4 0, 0, 4;
    %assign/vec4 v000001aae1cff730_0, 0;
    %pushi/vec4 0, 0, 1;
    %assign/vec4 v000001aae1cffa50_0, 0;
    %jmp T_7.1;
T_7.0 ;
    %load/vec4 v000001aae1cffe10_0;
    %flag_set/vec4 8;
    %jmp/0xz  T_7.2, 8;
    %load/vec4 v000001aae1cffc30_0;
    %assign/vec4 v000001aae1cffa50_0, 0;
    %load/vec4 v000001aae1cffb90_0;
    %load/vec4 v000001aae1cff690_0;
    %sub;
    %assign/vec4 v000001aae1cfebf0_0, 0;
    %load/vec4 v000001aae1cffb90_0;
    %load/vec4 v000001aae1cfe330_0;
    %cmp/u;
    %jmp/0xz  T_7.4, 5;
    %load/vec4 v000001aae1cffc30_0;
    %assign/vec4 v000001aae1cff230_0, 0;
    %load/vec4 v000001aae1cff370_0;
    %assign/vec4 v000001aae1cffcd0_0, 0;
    %pushi/vec4 0, 0, 4;
    %assign/vec4 v000001aae1cff730_0, 0;
    %load/vec4 v000001aae1cffb90_0;
    %addi 1, 0, 5;
    %load/vec4 v000001aae1cfe330_0;
    %cmp/e;
    %jmp/0xz  T_7.6, 4;
    %pushi/vec4 2, 0, 2;
    %assign/vec4 v000001aae1cfe3d0_0, 0;
    %load/vec4 v000001aae1cfe330_0;
    %assign/vec4 v000001aae1cfeb50_0, 0;
    %jmp T_7.7;
T_7.6 ;
    %pushi/vec4 1, 0, 2;
    %assign/vec4 v000001aae1cfe3d0_0, 0;
    %load/vec4 v000001aae1cffb90_0;
    %addi 1, 0, 5;
    %assign/vec4 v000001aae1cfeb50_0, 0;
T_7.7 ;
    %jmp T_7.5;
T_7.4 ;
    %pushi/vec4 2, 0, 2;
    %assign/vec4 v000001aae1cfe3d0_0, 0;
    %load/vec4 v000001aae1cff370_0;
    %parti/s 1, 11, 5;
    %assign/vec4 v000001aae1cff230_0, 0;
    %load/vec4 v000001aae1cff370_0;
    %parti/s 11, 0, 2;
    %concati/vec4 0, 0, 1;
    %assign/vec4 v000001aae1cffcd0_0, 0;
    %pushi/vec4 1, 0, 4;
    %assign/vec4 v000001aae1cff730_0, 0;
    %load/vec4 v000001aae1cffb90_0;
    %assign/vec4 v000001aae1cfeb50_0, 0;
T_7.5 ;
    %jmp T_7.3;
T_7.2 ;
    %load/vec4 v000001aae1cfe3d0_0;
    %dup/vec4;
    %pushi/vec4 1, 0, 2;
    %cmp/u;
    %jmp/1 T_7.8, 6;
    %dup/vec4;
    %pushi/vec4 2, 0, 2;
    %cmp/u;
    %jmp/1 T_7.9, 6;
    %dup/vec4;
    %pushi/vec4 3, 0, 2;
    %cmp/u;
    %jmp/1 T_7.10, 6;
    %pushi/vec4 0, 0, 1;
    %assign/vec4 v000001aae1cff230_0, 0;
    %jmp T_7.12;
T_7.8 ;
    %load/vec4 v000001aae1cffa50_0;
    %assign/vec4 v000001aae1cff230_0, 0;
    %load/vec4 v000001aae1cfeb50_0;
    %addi 1, 0, 5;
    %load/vec4 v000001aae1cfe330_0;
    %cmp/e;
    %jmp/0xz  T_7.13, 4;
    %load/vec4 v000001aae1cfe330_0;
    %assign/vec4 v000001aae1cfeb50_0, 0;
    %pushi/vec4 2, 0, 2;
    %assign/vec4 v000001aae1cfe3d0_0, 0;
    %pushi/vec4 0, 0, 4;
    %assign/vec4 v000001aae1cff730_0, 0;
    %jmp T_7.14;
T_7.13 ;
    %load/vec4 v000001aae1cfeb50_0;
    %addi 1, 0, 5;
    %assign/vec4 v000001aae1cfeb50_0, 0;
T_7.14 ;
    %jmp T_7.12;
T_7.9 ;
    %load/vec4 v000001aae1cffcd0_0;
    %parti/s 1, 11, 5;
    %assign/vec4 v000001aae1cff230_0, 0;
    %load/vec4 v000001aae1cffcd0_0;
    %parti/s 11, 0, 2;
    %concati/vec4 0, 0, 1;
    %assign/vec4 v000001aae1cffcd0_0, 0;
    %load/vec4 v000001aae1cff730_0;
    %addi 1, 0, 4;
    %assign/vec4 v000001aae1cff730_0, 0;
    %load/vec4 v000001aae1cff730_0;
    %pad/u 33;
    %cmpi/e 11, 0, 33;
    %jmp/0xz  T_7.15, 4;
    %load/vec4 v000001aae1cfebf0_0;
    %or/r;
    %flag_set/vec4 8;
    %jmp/0 T_7.17, 8;
    %pushi/vec4 3, 0, 2;
    %jmp/1 T_7.18, 8;
T_7.17 ; End of true expr.
    %pushi/vec4 0, 0, 2;
    %jmp/0 T_7.18, 8;
 ; End of false expr.
    %blend;
T_7.18;
    %assign/vec4 v000001aae1cfe3d0_0, 0;
T_7.15 ;
    %jmp T_7.12;
T_7.10 ;
    %pushi/vec4 0, 0, 1;
    %assign/vec4 v000001aae1cff230_0, 0;
    %load/vec4 v000001aae1cfebf0_0;
    %subi 1, 0, 5;
    %assign/vec4 v000001aae1cfebf0_0, 0;
    %load/vec4 v000001aae1cfebf0_0;
    %cmpi/e 1, 0, 5;
    %jmp/0xz  T_7.19, 4;
    %pushi/vec4 0, 0, 2;
    %assign/vec4 v000001aae1cfe3d0_0, 0;
T_7.19 ;
    %jmp T_7.12;
T_7.12 ;
    %pop/vec4 1;
T_7.3 ;
T_7.1 ;
    %jmp T_7;
    .thread T_7;
    .scope S_000001aae1960d70;
T_8 ;
    %wait E_000001aae19395c0;
    %load/vec4 v000001aae1cfe1f0_0;
    %nor/r;
    %flag_set/vec4 8;
    %jmp/0xz  T_8.0, 8;
    %pushi/vec4 0, 0, 9;
    %assign/vec4 v000001aae1cfefb0_0, 0;
    %pushi/vec4 0, 0, 1;
    %assign/vec4 v000001aae1cffaf0_0, 0;
    %jmp T_8.1;
T_8.0 ;
    %load/vec4 v000001aae1cff0f0_0;
    %flag_set/vec4 8;
    %jmp/0xz  T_8.2, 8;
    %pushi/vec4 0, 0, 9;
    %assign/vec4 v000001aae1cfefb0_0, 0;
    %pushi/vec4 1, 0, 1;
    %assign/vec4 v000001aae1cffaf0_0, 0;
    %jmp T_8.3;
T_8.2 ;
    %load/vec4 v000001aae1cffaf0_0;
    %flag_set/vec4 8;
    %jmp/0xz  T_8.4, 8;
    %load/vec4 v000001aae1cfefb0_0;
    %pad/u 32;
    %load/vec4 v000001aae1cff190_0;
    %pad/u 32;
    %subi 1, 0, 32;
    %cmp/e;
    %jmp/0xz  T_8.6, 4;
    %pushi/vec4 0, 0, 1;
    %assign/vec4 v000001aae1cffaf0_0, 0;
    %pushi/vec4 0, 0, 9;
    %assign/vec4 v000001aae1cfefb0_0, 0;
    %jmp T_8.7;
T_8.6 ;
    %load/vec4 v000001aae1cfefb0_0;
    %addi 1, 0, 9;
    %assign/vec4 v000001aae1cfefb0_0, 0;
T_8.7 ;
T_8.4 ;
T_8.3 ;
T_8.1 ;
    %jmp T_8;
    .thread T_8;
    .scope S_000001aae1951d80;
T_9 ;
    %pushi/vec4 0, 0, 1;
    %store/vec4 v000001aae1d01740_0, 0, 1;
    %end;
    .thread T_9;
    .scope S_000001aae1951d80;
T_10 ;
    %delay 5000, 0;
    %load/vec4 v000001aae1d01740_0;
    %inv;
    %store/vec4 v000001aae1d01740_0, 0, 1;
    %jmp T_10;
    .thread T_10;
    .scope S_000001aae1951d80;
T_11 ;
    %vpi_call 2 268 "$dumpfile", "tb_aligner.vcd" {0 0 0};
    %vpi_call 2 269 "$dumpvars", 32'sb00000000000000000000000000000000, S_000001aae1951d80 {0 0 0};
    %pushi/vec4 0, 0, 32;
    %store/vec4 v000001aae1d00700_0, 0, 32;
    %pushi/vec4 42, 0, 32;
    %store/vec4 v000001aae1d00ac0_0, 0, 32;
    %pushi/vec4 0, 0, 1;
    %store/vec4 v000001aae1d00b60_0, 0, 1;
    %pushi/vec4 0, 0, 1;
    %store/vec4 v000001aae1d01c40_0, 0, 1;
    %pushi/vec4 0, 0, 5;
    %store/vec4 v000001aae1d016a0_0, 0, 5;
    %pushi/vec4 0, 0, 5;
    %store/vec4 v000001aae1d00340_0, 0, 5;
    %pushi/vec4 0, 0, 64;
    %store/vec4 v000001aae1d007a0_0, 0, 64;
    %pushi/vec4 4, 0, 32;
T_11.0 %dup/vec4;
    %pushi/vec4 0, 0, 32;
    %cmp/s;
    %jmp/1xz T_11.1, 5;
    %jmp/1 T_11.1, 4;
    %pushi/vec4 1, 0, 32;
    %sub;
    %wait E_000001aae193acc0;
    %jmp T_11.0;
T_11.1 ;
    %pop/vec4 1;
    %wait E_000001aae1939e00;
    %pushi/vec4 1, 0, 1;
    %store/vec4 v000001aae1d00b60_0, 0, 1;
    %pushi/vec4 2, 0, 32;
T_11.2 %dup/vec4;
    %pushi/vec4 0, 0, 32;
    %cmp/s;
    %jmp/1xz T_11.3, 5;
    %jmp/1 T_11.3, 4;
    %pushi/vec4 1, 0, 32;
    %sub;
    %wait E_000001aae193acc0;
    %jmp T_11.2;
T_11.3 ;
    %pop/vec4 1;
    %fork TD_tb_aligner.sanity_check, S_000001aae1d02440;
    %join;
    %vpi_call 2 288 "$display", "========== Directed Tests ==========" {0 0 0};
    %pushi/vec4 0, 0, 32; draw_string_vec4
    %pushi/vec4 0, 0, 32; draw_string_vec4
    %concat/vec4; draw_string_vec4
    %pushi/vec4 0, 0, 32; draw_string_vec4
    %concat/vec4; draw_string_vec4
    %pushi/vec4 21571, 0, 32; draw_string_vec4
    %concat/vec4; draw_string_vec4
    %pushi/vec4 828334444, 0, 32; draw_string_vec4
    %concat/vec4; draw_string_vec4
    %pushi/vec4 1818194031, 0, 32; draw_string_vec4
    %concat/vec4; draw_string_vec4
    %pushi/vec4 1935623485, 0, 32; draw_string_vec4
    %concat/vec4; draw_string_vec4
    %pushi/vec4 1164796280, 0, 32; draw_string_vec4
    %concat/vec4; draw_string_vec4
    %store/vec4 v000001aae1d00e80_0, 0, 256;
    %pushi/vec4 20, 0, 5;
    %store/vec4 v000001aae1d00520_0, 0, 5;
    %pushi/vec4 16, 0, 5;
    %store/vec4 v000001aae1d01ba0_0, 0, 5;
    %pushi/vec4 2818482858, 0, 33;
    %concati/vec4 1375752192, 0, 31;
    %store/vec4 v000001aae1d00480_0, 0, 64;
    %fork TD_tb_aligner.run_test, S_000001aae1d022b0;
    %join;
    %pushi/vec4 0, 0, 32; draw_string_vec4
    %pushi/vec4 0, 0, 32; draw_string_vec4
    %concat/vec4; draw_string_vec4
    %pushi/vec4 0, 0, 32; draw_string_vec4
    %concat/vec4; draw_string_vec4
    %pushi/vec4 21571, 0, 32; draw_string_vec4
    %concat/vec4; draw_string_vec4
    %pushi/vec4 845111660, 0, 32; draw_string_vec4
    %concat/vec4; draw_string_vec4
    %pushi/vec4 1818193509, 0, 32; draw_string_vec4
    %concat/vec4; draw_string_vec4
    %pushi/vec4 1734296893, 0, 32; draw_string_vec4
    %concat/vec4; draw_string_vec4
    %pushi/vec4 1164798318, 0, 32; draw_string_vec4
    %concat/vec4; draw_string_vec4
    %store/vec4 v000001aae1d00e80_0, 0, 256;
    %pushi/vec4 20, 0, 5;
    %store/vec4 v000001aae1d00520_0, 0, 5;
    %pushi/vec4 16, 0, 5;
    %store/vec4 v000001aae1d01ba0_0, 0, 5;
    %pushi/vec4 3288318293, 0, 32;
    %concati/vec4 3254829056, 0, 32;
    %store/vec4 v000001aae1d00480_0, 0, 64;
    %fork TD_tb_aligner.run_test, S_000001aae1d022b0;
    %join;
    %pushi/vec4 0, 0, 32; draw_string_vec4
    %pushi/vec4 0, 0, 32; draw_string_vec4
    %concat/vec4; draw_string_vec4
    %pushi/vec4 0, 0, 32; draw_string_vec4
    %concat/vec4; draw_string_vec4
    %pushi/vec4 21571, 0, 32; draw_string_vec4
    %concat/vec4; draw_string_vec4
    %pushi/vec4 861891945, 0, 32; draw_string_vec4
    %concat/vec4; draw_string_vec4
    %pushi/vec4 2019910751, 0, 32; draw_string_vec4
    %concat/vec4; draw_string_vec4
    %pushi/vec4 1936287598, 0, 32; draw_string_vec4
    %concat/vec4; draw_string_vec4
    %pushi/vec4 1600485488, 0, 32; draw_string_vec4
    %concat/vec4; draw_string_vec4
    %store/vec4 v000001aae1d00e80_0, 0, 256;
    %pushi/vec4 20, 0, 5;
    %store/vec4 v000001aae1d00520_0, 0, 5;
    %pushi/vec4 16, 0, 5;
    %store/vec4 v000001aae1d01ba0_0, 0, 5;
    %pushi/vec4 3543354436, 0, 32;
    %concati/vec4 3333046681, 0, 32;
    %store/vec4 v000001aae1d00480_0, 0, 64;
    %fork TD_tb_aligner.run_test, S_000001aae1d022b0;
    %join;
    %pushi/vec4 0, 0, 32; draw_string_vec4
    %pushi/vec4 0, 0, 32; draw_string_vec4
    %concat/vec4; draw_string_vec4
    %pushi/vec4 0, 0, 32; draw_string_vec4
    %concat/vec4; draw_string_vec4
    %pushi/vec4 5522228, 0, 32; draw_string_vec4
    %concat/vec4; draw_string_vec4
    %pushi/vec4 1598385505, 0, 32; draw_string_vec4
    %concat/vec4; draw_string_vec4
    %pushi/vec4 2017281389, 0, 32; draw_string_vec4
    %concat/vec4; draw_string_vec4
    %pushi/vec4 1768841009, 0, 32; draw_string_vec4
    %concat/vec4; draw_string_vec4
    %pushi/vec4 845379939, 0, 32; draw_string_vec4
    %concat/vec4; draw_string_vec4
    %store/vec4 v000001aae1d00e80_0, 0, 256;
    %pushi/vec4 15, 0, 5;
    %store/vec4 v000001aae1d00520_0, 0, 5;
    %pushi/vec4 15, 0, 5;
    %store/vec4 v000001aae1d01ba0_0, 0, 5;
    %pushi/vec4 3217243196, 0, 32;
    %concati/vec4 3207806156, 0, 32;
    %store/vec4 v000001aae1d00480_0, 0, 64;
    %fork TD_tb_aligner.run_test, S_000001aae1d022b0;
    %join;
    %pushi/vec4 0, 0, 32; draw_string_vec4
    %pushi/vec4 0, 0, 32; draw_string_vec4
    %concat/vec4; draw_string_vec4
    %pushi/vec4 84, 0, 32; draw_string_vec4
    %concat/vec4; draw_string_vec4
    %pushi/vec4 1127571319, 0, 32; draw_string_vec4
    %concat/vec4; draw_string_vec4
    %pushi/vec4 1768187231, 0, 32; draw_string_vec4
    %concat/vec4; draw_string_vec4
    %pushi/vec4 2003398244, 0, 32; draw_string_vec4
    %concat/vec4; draw_string_vec4
    %pushi/vec4 1870094130, 0, 32; draw_string_vec4
    %concat/vec4; draw_string_vec4
    %pushi/vec4 845379939, 0, 32; draw_string_vec4
    %concat/vec4; draw_string_vec4
    %store/vec4 v000001aae1d00e80_0, 0, 256;
    %pushi/vec4 15, 0, 5;
    %store/vec4 v000001aae1d00520_0, 0, 5;
    %pushi/vec4 5, 0, 5;
    %store/vec4 v000001aae1d01ba0_0, 0, 5;
    %pushi/vec4 4205364162, 0, 34;
    %concati/vec4 722408789, 0, 30;
    %store/vec4 v000001aae1d00480_0, 0, 64;
    %fork TD_tb_aligner.run_test, S_000001aae1d022b0;
    %join;
    %pushi/vec4 0, 0, 32; draw_string_vec4
    %pushi/vec4 0, 0, 32; draw_string_vec4
    %concat/vec4; draw_string_vec4
    %pushi/vec4 0, 0, 32; draw_string_vec4
    %concat/vec4; draw_string_vec4
    %pushi/vec4 0, 0, 32; draw_string_vec4
    %concat/vec4; draw_string_vec4
    %pushi/vec4 1413690975, 0, 32; draw_string_vec4
    %concat/vec4; draw_string_vec4
    %pushi/vec4 1835104351, 0, 32; draw_string_vec4
    %concat/vec4; draw_string_vec4
    %pushi/vec4 1835101812, 0, 32; draw_string_vec4
    %concat/vec4; draw_string_vec4
    %pushi/vec4 1769173857, 0, 32; draw_string_vec4
    %concat/vec4; draw_string_vec4
    %store/vec4 v000001aae1d00e80_0, 0, 256;
    %pushi/vec4 10, 0, 5;
    %store/vec4 v000001aae1d00520_0, 0, 5;
    %pushi/vec4 8, 0, 5;
    %store/vec4 v000001aae1d01ba0_0, 0, 5;
    %pushi/vec4 2885626879, 0, 32;
    %concati/vec4 2751407103, 0, 32;
    %store/vec4 v000001aae1d00480_0, 0, 64;
    %fork TD_tb_aligner.run_test, S_000001aae1d022b0;
    %join;
    %pushi/vec4 0, 0, 32; draw_string_vec4
    %pushi/vec4 0, 0, 32; draw_string_vec4
    %concat/vec4; draw_string_vec4
    %pushi/vec4 0, 0, 32; draw_string_vec4
    %concat/vec4; draw_string_vec4
    %pushi/vec4 84, 0, 32; draw_string_vec4
    %concat/vec4; draw_string_vec4
    %pushi/vec4 1127702394, 0, 32; draw_string_vec4
    %concat/vec4; draw_string_vec4
    %pushi/vec4 1701998431, 0, 32; draw_string_vec4
    %concat/vec4; draw_string_vec4
    %pushi/vec4 1835101812, 0, 32; draw_string_vec4
    %concat/vec4; draw_string_vec4
    %pushi/vec4 1769173857, 0, 32; draw_string_vec4
    %concat/vec4; draw_string_vec4
    %store/vec4 v000001aae1d00e80_0, 0, 256;
    %pushi/vec4 16, 0, 5;
    %store/vec4 v000001aae1d00520_0, 0, 5;
    %pushi/vec4 14, 0, 5;
    %store/vec4 v000001aae1d01ba0_0, 0, 5;
    %pushi/vec4 3221240832, 0, 32;
    %concati/vec4 3087024128, 0, 32;
    %store/vec4 v000001aae1d00480_0, 0, 64;
    %fork TD_tb_aligner.run_test, S_000001aae1d022b0;
    %join;
    %pushi/vec4 0, 0, 32; draw_string_vec4
    %pushi/vec4 0, 0, 32; draw_string_vec4
    %concat/vec4; draw_string_vec4
    %pushi/vec4 0, 0, 32; draw_string_vec4
    %concat/vec4; draw_string_vec4
    %pushi/vec4 5522232, 0, 32; draw_string_vec4
    %concat/vec4; draw_string_vec4
    %pushi/vec4 1597072249, 0, 32; draw_string_vec4
    %concat/vec4; draw_string_vec4
    %pushi/vec4 1667195503, 0, 32; draw_string_vec4
    %concat/vec4; draw_string_vec4
    %pushi/vec4 1970168929, 0, 32; draw_string_vec4
    %concat/vec4; draw_string_vec4
    %pushi/vec4 1919509875, 0, 32; draw_string_vec4
    %concat/vec4; draw_string_vec4
    %store/vec4 v000001aae1d00e80_0, 0, 256;
    %pushi/vec4 20, 0, 5;
    %store/vec4 v000001aae1d00520_0, 0, 5;
    %pushi/vec4 16, 0, 5;
    %store/vec4 v000001aae1d01ba0_0, 0, 5;
    %pushi/vec4 2639633066, 0, 33;
    %concati/vec4 1204012092, 0, 31;
    %store/vec4 v000001aae1d00480_0, 0, 64;
    %fork TD_tb_aligner.run_test, S_000001aae1d022b0;
    %join;
    %pushi/vec4 0, 0, 32; draw_string_vec4
    %pushi/vec4 0, 0, 32; draw_string_vec4
    %concat/vec4; draw_string_vec4
    %pushi/vec4 0, 0, 32; draw_string_vec4
    %concat/vec4; draw_string_vec4
    %pushi/vec4 0, 0, 32; draw_string_vec4
    %concat/vec4; draw_string_vec4
    %pushi/vec4 84, 0, 32; draw_string_vec4
    %concat/vec4; draw_string_vec4
    %pushi/vec4 1127833951, 0, 32; draw_string_vec4
    %concat/vec4; draw_string_vec4
    %pushi/vec4 1647469151, 0, 32; draw_string_vec4
    %concat/vec4; draw_string_vec4
    %pushi/vec4 1986356017, 0, 32; draw_string_vec4
    %concat/vec4; draw_string_vec4
    %store/vec4 v000001aae1d00e80_0, 0, 256;
    %pushi/vec4 18, 0, 5;
    %store/vec4 v000001aae1d00520_0, 0, 5;
    %pushi/vec4 16, 0, 5;
    %store/vec4 v000001aae1d01ba0_0, 0, 5;
    %pushi/vec4 2505411242, 0, 33;
    %concati/vec4 1136904252, 0, 31;
    %store/vec4 v000001aae1d00480_0, 0, 64;
    %fork TD_tb_aligner.run_test, S_000001aae1d022b0;
    %join;
    %pushi/vec4 0, 0, 32; draw_string_vec4
    %pushi/vec4 0, 0, 32; draw_string_vec4
    %concat/vec4; draw_string_vec4
    %pushi/vec4 0, 0, 32; draw_string_vec4
    %concat/vec4; draw_string_vec4
    %pushi/vec4 0, 0, 32; draw_string_vec4
    %concat/vec4; draw_string_vec4
    %pushi/vec4 84, 0, 32; draw_string_vec4
    %concat/vec4; draw_string_vec4
    %pushi/vec4 1127834207, 0, 32; draw_string_vec4
    %concat/vec4; draw_string_vec4
    %pushi/vec4 1647469151, 0, 32; draw_string_vec4
    %concat/vec4; draw_string_vec4
    %pushi/vec4 1986356018, 0, 32; draw_string_vec4
    %concat/vec4; draw_string_vec4
    %store/vec4 v000001aae1d00e80_0, 0, 256;
    %pushi/vec4 18, 0, 5;
    %store/vec4 v000001aae1d00520_0, 0, 5;
    %pushi/vec4 16, 0, 5;
    %store/vec4 v000001aae1d01ba0_0, 0, 5;
    %pushi/vec4 3234614067, 0, 32;
    %concati/vec4 3328590233, 0, 32;
    %store/vec4 v000001aae1d00480_0, 0, 64;
    %fork TD_tb_aligner.run_test, S_000001aae1d022b0;
    %join;
    %vpi_call 2 370 "$display", "\012--- TC10: reset mid-operation ---" {0 0 0};
    %pushi/vec4 1, 0, 32;
    %store/vec4 v000001aae1d01e20_0, 0, 32;
    %wait E_000001aae1939e00;
    %pushi/vec4 20, 0, 5;
    %store/vec4 v000001aae1d016a0_0, 0, 5;
    %pushi/vec4 16, 0, 5;
    %store/vec4 v000001aae1d00340_0, 0, 5;
    %pushi/vec4 2505411242, 0, 33;
    %concati/vec4 1136904252, 0, 31;
    %store/vec4 v000001aae1d007a0_0, 0, 64;
    %pushi/vec4 1, 0, 1;
    %store/vec4 v000001aae1d01c40_0, 0, 1;
    %wait E_000001aae1939e00;
    %pushi/vec4 0, 0, 1;
    %store/vec4 v000001aae1d01c40_0, 0, 1;
    %pushi/vec4 5, 0, 32;
T_11.4 %dup/vec4;
    %pushi/vec4 0, 0, 32;
    %cmp/s;
    %jmp/1xz T_11.5, 5;
    %jmp/1 T_11.5, 4;
    %pushi/vec4 1, 0, 32;
    %sub;
    %wait E_000001aae193acc0;
    %jmp T_11.4;
T_11.5 ;
    %pop/vec4 1;
    %wait E_000001aae1939e00;
    %pushi/vec4 0, 0, 1;
    %store/vec4 v000001aae1d00b60_0, 0, 1;
    %wait E_000001aae193acc0;
    %delay 1000, 0;
    %load/vec4 v000001aae1d01380_0;
    %cmpi/ne 0, 0, 1;
    %jmp/0xz  T_11.6, 6;
    %vpi_call 2 389 "$display", "[FAIL] TC10a: bs_valid=%b after reset (expected 0)", v000001aae1d01380_0 {0 0 0};
    %load/vec4 v000001aae1d00700_0;
    %addi 1, 0, 32;
    %store/vec4 v000001aae1d00700_0, 0, 32;
    %pushi/vec4 0, 0, 32;
    %store/vec4 v000001aae1d01e20_0, 0, 32;
T_11.6 ;
    %load/vec4 v000001aae1d012e0_0;
    %cmpi/ne 0, 0, 1;
    %jmp/0xz  T_11.8, 6;
    %vpi_call 2 393 "$display", "[FAIL] TC10a: bs_done=%b  after reset (expected 0)", v000001aae1d012e0_0 {0 0 0};
    %load/vec4 v000001aae1d00700_0;
    %addi 1, 0, 32;
    %store/vec4 v000001aae1d00700_0, 0, 32;
    %pushi/vec4 0, 0, 32;
    %store/vec4 v000001aae1d01e20_0, 0, 32;
T_11.8 ;
    %load/vec4 v000001aae1d01ec0_0;
    %or/r;
    %cmpi/ne 0, 0, 1;
    %jmp/0xz  T_11.10, 6;
    %vpi_call 2 397 "$display", "[FAIL] TC10a: bs_out=%b after reset (expected 0)", v000001aae1d01ec0_0 {0 0 0};
    %load/vec4 v000001aae1d00700_0;
    %addi 1, 0, 32;
    %store/vec4 v000001aae1d00700_0, 0, 32;
    %pushi/vec4 0, 0, 32;
    %store/vec4 v000001aae1d01e20_0, 0, 32;
T_11.10 ;
    %load/vec4 v000001aae1d01e20_0;
    %cmpi/ne 0, 0, 32;
    %jmp/0xz  T_11.12, 4;
    %vpi_call 2 401 "$display", "[PASS] TC10a: all outputs cleared on rst_n=0" {0 0 0};
T_11.12 ;
    %wait E_000001aae1939e00;
    %pushi/vec4 1, 0, 1;
    %store/vec4 v000001aae1d00b60_0, 0, 1;
    %pushi/vec4 2, 0, 32;
T_11.14 %dup/vec4;
    %pushi/vec4 0, 0, 32;
    %cmp/s;
    %jmp/1xz T_11.15, 5;
    %jmp/1 T_11.15, 4;
    %pushi/vec4 1, 0, 32;
    %sub;
    %wait E_000001aae193acc0;
    %jmp T_11.14;
T_11.15 ;
    %pop/vec4 1;
    %pushi/vec4 0, 0, 32; draw_string_vec4
    %pushi/vec4 0, 0, 32; draw_string_vec4
    %concat/vec4; draw_string_vec4
    %pushi/vec4 0, 0, 32; draw_string_vec4
    %concat/vec4; draw_string_vec4
    %pushi/vec4 0, 0, 32; draw_string_vec4
    %concat/vec4; draw_string_vec4
    %pushi/vec4 1413689648, 0, 32; draw_string_vec4
    %concat/vec4; draw_string_vec4
    %pushi/vec4 1650421871, 0, 32; draw_string_vec4
    %concat/vec4; draw_string_vec4
    %pushi/vec4 1937006450, 0, 32; draw_string_vec4
    %concat/vec4; draw_string_vec4
    %pushi/vec4 1702061428, 0, 32; draw_string_vec4
    %concat/vec4; draw_string_vec4
    %store/vec4 v000001aae1d00e80_0, 0, 256;
    %pushi/vec4 18, 0, 5;
    %store/vec4 v000001aae1d00520_0, 0, 5;
    %pushi/vec4 16, 0, 5;
    %store/vec4 v000001aae1d01ba0_0, 0, 5;
    %pushi/vec4 2523367832, 0, 33;
    %concati/vec4 1118488917, 0, 31;
    %store/vec4 v000001aae1d00480_0, 0, 64;
    %fork TD_tb_aligner.run_test, S_000001aae1d022b0;
    %join;
    %vpi_call 2 414 "$display", "\012--- TC11: randomised test  30 vectors x %0d channels ---", P_000001aae194d660 {0 0 0};
    %pushi/vec4 0, 0, 32;
    %store/vec4 v000001aae1d00160_0, 0, 32;
    %pushi/vec4 0, 0, 32;
    %store/vec4 v000001aae1d00c00_0, 0, 32;
T_11.16 ;
    %load/vec4 v000001aae1d00c00_0;
    %cmpi/s 30, 0, 32;
    %jmp/0xz T_11.17, 5;
    %vpi_func 2 418 "$random" 32, v000001aae1d00ac0_0 {0 0 0};
    %pushi/vec4 20, 0, 32;
    %mod;
    %addi 1, 0, 32;
    %pad/u 5;
    %store/vec4 v000001aae1d01100_0, 0, 5;
    %load/vec4 v000001aae1d01100_0;
    %pad/u 32;
    %vpi_func 2 419 "$random" 32, v000001aae1d00ac0_0 {0 0 0};
    %pushi/vec4 8, 0, 32;
    %mod;
    %add;
    %addi 1, 0, 32;
    %pad/u 5;
    %store/vec4 v000001aae1d02000_0, 0, 5;
    %load/vec4 v000001aae1d02000_0;
    %cmpi/u 30, 0, 5;
    %flag_or 5, 4; GT is !LE
    %flag_inv 5;
    %jmp/0xz  T_11.18, 5;
    %pushi/vec4 30, 0, 5;
    %store/vec4 v000001aae1d02000_0, 0, 5;
T_11.18 ;
    %pushi/vec4 0, 0, 64;
    %store/vec4 v000001aae1d017e0_0, 0, 64;
    %pushi/vec4 0, 0, 32;
    %store/vec4 v000001aae1d00a20_0, 0, 32;
T_11.20 ;
    %load/vec4 v000001aae1d00a20_0;
    %cmpi/s 4, 0, 32;
    %jmp/0xz T_11.21, 5;
    %vpi_func 2 424 "$random" 32, v000001aae1d00ac0_0 {0 0 0};
    %pushi/vec4 2, 0, 32;
    %mod/s;
    %pad/s 1;
    %ix/load 4, 15, 0;
    %flag_set/imm 4, 0;
    %store/vec4 v000001aae1d008e0_0, 4, 1;
    %load/vec4 v000001aae1d01100_0;
    %pad/u 32;
    %vpi_func 2 425 "$random" 32, v000001aae1d00ac0_0 {0 0 0};
    %load/vec4 v000001aae1d02000_0;
    %pad/u 32;
    %load/vec4 v000001aae1d01100_0;
    %pad/u 32;
    %sub;
    %addi 1, 0, 32;
    %mod;
    %add;
    %pad/u 5;
    %ix/load 4, 10, 0;
    %flag_set/imm 4, 0;
    %store/vec4 v000001aae1d008e0_0, 4, 5;
    %vpi_func 2 426 "$random" 32, v000001aae1d00ac0_0 {0 0 0};
    %pad/s 10;
    %ix/load 4, 0, 0;
    %flag_set/imm 4, 0;
    %store/vec4 v000001aae1d008e0_0, 4, 10;
    %load/vec4 v000001aae1d008e0_0;
    %load/vec4 v000001aae1d00a20_0;
    %muli 16, 0, 32;
    %ix/vec4/s 4;
    %store/vec4 v000001aae1d017e0_0, 4, 16;
    %load/vec4 v000001aae1d00a20_0;
    %addi 1, 0, 32;
    %store/vec4 v000001aae1d00a20_0, 0, 32;
    %jmp T_11.20;
T_11.21 ;
    %load/vec4 v000001aae1d02000_0;
    %pad/u 32;
    %load/vec4 v000001aae1d01100_0;
    %pad/u 32;
    %sub;
    %addi 12, 0, 32;
    %store/vec4 v000001aae1d011a0_0, 0, 32;
    %wait E_000001aae1939e00;
    %load/vec4 v000001aae1d02000_0;
    %store/vec4 v000001aae1d016a0_0, 0, 5;
    %load/vec4 v000001aae1d01100_0;
    %store/vec4 v000001aae1d00340_0, 0, 5;
    %load/vec4 v000001aae1d017e0_0;
    %store/vec4 v000001aae1d007a0_0, 0, 64;
    %pushi/vec4 1, 0, 1;
    %store/vec4 v000001aae1d01c40_0, 0, 1;
    %delay 1000, 0;
    %load/vec4 v000001aae1d01d80_0;
    %pad/u 32;
    %load/vec4 v000001aae1d011a0_0;
    %cmp/ne;
    %jmp/0xz  T_11.22, 6;
    %vpi_call 2 441 "$display", "[FAIL] TC11 v=%0d: total_cyc_out error! Expected %0d, Got %0d", v000001aae1d00c00_0, v000001aae1d011a0_0, v000001aae1d01d80_0 {0 0 0};
    %load/vec4 v000001aae1d00160_0;
    %addi 1, 0, 32;
    %store/vec4 v000001aae1d00160_0, 0, 32;
T_11.22 ;
    %wait E_000001aae1939e00;
    %pushi/vec4 0, 0, 1;
    %store/vec4 v000001aae1d01c40_0, 0, 1;
    %pushi/vec4 1, 0, 32;
    %store/vec4 v000001aae1d00de0_0, 0, 32;
T_11.24 ;
    %load/vec4 v000001aae1d00de0_0;
    %load/vec4 v000001aae1d011a0_0;
    %cmp/s;
    %flag_or 5, 4;
    %jmp/0xz T_11.25, 5;
    %wait E_000001aae193acc0;
    %delay 1000, 0;
    %pushi/vec4 0, 0, 32;
    %store/vec4 v000001aae1d00a20_0, 0, 32;
T_11.26 ;
    %load/vec4 v000001aae1d00a20_0;
    %cmpi/s 4, 0, 32;
    %jmp/0xz T_11.27, 5;
    %load/vec4 v000001aae1d017e0_0;
    %load/vec4 v000001aae1d00a20_0;
    %muli 16, 0, 32;
    %part/s 16;
    %load/vec4 v000001aae1d02000_0;
    %load/vec4 v000001aae1d01100_0;
    %load/vec4 v000001aae1d00de0_0;
    %store/vec4 v000001aae1cffd70_0, 0, 32;
    %store/vec4 v000001aae1cffeb0_0, 0, 5;
    %store/vec4 v000001aae1cfe150_0, 0, 5;
    %store/vec4 v000001aae1d005c0_0, 0, 16;
    %callf/vec4 TD_tb_aligner.f_bit_ref, S_000001aae1966cf0;
    %store/vec4 v000001aae1d01060_0, 0, 1;
    %load/vec4 v000001aae1d01ec0_0;
    %load/vec4 v000001aae1d00a20_0;
    %part/s 1;
    %store/vec4 v000001aae1d00840_0, 0, 1;
    %load/vec4 v000001aae1d00840_0;
    %load/vec4 v000001aae1d01060_0;
    %cmp/ne;
    %jmp/0xz  T_11.28, 6;
    %load/vec4 v000001aae1d017e0_0;
    %load/vec4 v000001aae1d00a20_0;
    %muli 16, 0, 32;
    %part/s 16;
    %vpi_call 2 454 "$display", "[FAIL] TC11 v=%0d ch=%0d cyc=%0d exp=%b got=%b  fp=0x%04h  em=%0d ei=%0d", v000001aae1d00c00_0, v000001aae1d00a20_0, v000001aae1d00de0_0, v000001aae1d01060_0, v000001aae1d00840_0, S<0,vec4,u16>, v000001aae1d02000_0, v000001aae1d01100_0 {1 0 0};
    %load/vec4 v000001aae1d00160_0;
    %addi 1, 0, 32;
    %store/vec4 v000001aae1d00160_0, 0, 32;
T_11.28 ;
    %load/vec4 v000001aae1d00a20_0;
    %addi 1, 0, 32;
    %store/vec4 v000001aae1d00a20_0, 0, 32;
    %jmp T_11.26;
T_11.27 ;
    %load/vec4 v000001aae1d00de0_0;
    %addi 1, 0, 32;
    %store/vec4 v000001aae1d00de0_0, 0, 32;
    %jmp T_11.24;
T_11.25 ;
    %wait E_000001aae193acc0;
    %delay 1000, 0;
    %load/vec4 v000001aae1d00c00_0;
    %addi 1, 0, 32;
    %store/vec4 v000001aae1d00c00_0, 0, 32;
    %jmp T_11.16;
T_11.17 ;
    %load/vec4 v000001aae1d00700_0;
    %load/vec4 v000001aae1d00160_0;
    %add;
    %store/vec4 v000001aae1d00700_0, 0, 32;
    %load/vec4 v000001aae1d00160_0;
    %cmpi/e 0, 0, 32;
    %jmp/0xz  T_11.30, 4;
    %vpi_call 2 466 "$display", "[PASS] TC11_randomised: 30 vectors, 0 errors" {0 0 0};
    %jmp T_11.31;
T_11.30 ;
    %vpi_call 2 468 "$display", "[FAIL] TC11_randomised: %0d error(s)", v000001aae1d00160_0 {0 0 0};
T_11.31 ;
    %vpi_call 2 471 "$display", "\012==========================================" {0 0 0};
    %load/vec4 v000001aae1d00700_0;
    %cmpi/e 0, 0, 32;
    %jmp/0xz  T_11.32, 4;
    %vpi_call 2 473 "$display", "  SIMULATION COMPLETE - ALL TESTS PASSED" {0 0 0};
    %jmp T_11.33;
T_11.32 ;
    %vpi_call 2 475 "$display", "  SIMULATION COMPLETE - TOTAL FAILURES: %0d", v000001aae1d00700_0 {0 0 0};
T_11.33 ;
    %vpi_call 2 476 "$display", "==========================================\012" {0 0 0};
    %vpi_call 2 478 "$finish" {0 0 0};
    %end;
    .thread T_11;
    .scope S_000001aae1951d80;
T_12 ;
    %delay 2000000000, 0;
    %vpi_call 2 486 "$display", "[TIMEOUT] Simulation exceeded 2 ms limit" {0 0 0};
    %vpi_call 2 487 "$finish" {0 0 0};
    %end;
    .thread T_12;
# The file index is used to find the file name in the following table.
:file_names 5;
    "N/A";
    "<interactive>";
    "sim/tb/tb_aligner.v";
    "rtl/Aligner/aligner.v";
    "rtl/Aligner/aligner_channel.v";
